Content-Type: multipart/alternative;
 boundary="===============7113553799555965124=="
MIME-Version: 1.0
Subject: Daily Time Table
From: timetable_manager@hostel.te.ua
To: manager-room@hostel.te.ua
Date: Thu, 28 Apr 2016 20:13:02 -0000
Message-ID: <20160428201302.31896.30290@andy-linux>

--===============7113553799555965124==
MIME-Version: 1.0
Content-Type: text/plain; charset="utf-8"
Content-Transfer-Encoding: 7bit

text mess
--===============7113553799555965124==
Content-Type: text/html; charset="utf-8"
MIME-Version: 1.0
Content-Transfer-Encoding: 8bit

<body>
	<table>
		<tr>
		<td>#</td>
			<td>Номер кімнати</td>
				<td>Ім’я</td>
				<td>Прзівище</td>
			<td>По батькові</td>
		<td>Телефон</td>
		</tr>
		
		<tr>
		<td>1</td>
		<td>Room #1</td>
		<td>Andriy</td>
		<td>Olek</td>
		<td>Oleksandrovich</td>
		<td>111111111111</td>
		</tr>
		
		<tr>
		<td>2</td>
		<td>Room #1</td>
		<td>Andriy</td>
		<td>Olek</td>
		<td>Kovalovvvvvv</td>
		<td>111111111111</td>
		</tr>
		
	</table> <br>

	<table>
		<tr>
		<td>#</td>
			<td>Номер кімнати</td>
				<td>Ім’я</td>
				<td>Прзівище</td>
			<td>По батькові</td>
		<td>Телефон</td>
		</tr>
		
	</table>

</body>
--===============7113553799555965124==--

-------------------------------------------------------------------------------
