Content-Type: multipart/alternative;
 boundary="===============4221282371563701553=="
MIME-Version: 1.0
Subject: Daily Time Table
From: timetable_manager@hostel.te.ua
To: manager-room@hostel.te.ua
Date: Tue, 26 Apr 2016 07:40:02 -0000
Message-ID: <20160426074002.10079.48598@andy-linux>

--===============4221282371563701553==
MIME-Version: 1.0
Content-Type: text/plain; charset="utf-8"
Content-Transfer-Encoding: 7bit

text mess
--===============4221282371563701553==
Content-Type: text/html; charset="utf-8"
MIME-Version: 1.0
Content-Transfer-Encoding: 8bit

<body>
	<table>
		<tr>
		<td>#</td>
			<td>Номер кімнати</td>
				<td>Ім’я</td>
				<td>Прзівище</td>
			<td>По батькові</td>
		<td>Телефон</td>
		</tr>
		
		<tr>
		<td>1</td>
		<td>Room #2</td>
		<td>Andriy</td>
		<td>Olek</td>
		<td>Kovalovvvvvv</td>
		<td>111111111111</td>
		</tr>
		
		<tr>
		<td>2</td>
		<td>Room #3</td>
		<td>Andriy</td>
		<td>Olek</td>
		<td>Kovalovvvvvv</td>
		<td>111111111111</td>
		</tr>
		
		<tr>
		<td>3</td>
		<td>Room #8</td>
		<td>Andriy</td>
		<td>kov_andy</td>
		<td>Kovalovvvvvv</td>
		<td>111111111111</td>
		</tr>
		
	</table> <br>

	<table>
		<tr>
		<td>#</td>
			<td>Номер кімнати</td>
				<td>Ім’я</td>
				<td>Прзівище</td>
			<td>По батькові</td>
		<td>Телефон</td>
		</tr>
		
	</table>

</body>
--===============4221282371563701553==--

-------------------------------------------------------------------------------
