Content-Type: multipart/alternative;
 boundary="===============8758564026950007291=="
MIME-Version: 1.0
Subject: Daily Time Table
From: timetable_manager@hostel.te.ua
To: manager-room@hostel.te.ua
Date: Wed, 27 Apr 2016 06:17:02 -0000
Message-ID: <20160427061702.4439.98705@andy-linux>

--===============8758564026950007291==
MIME-Version: 1.0
Content-Type: text/plain; charset="utf-8"
Content-Transfer-Encoding: 7bit

text mess
--===============8758564026950007291==
Content-Type: text/html; charset="utf-8"
MIME-Version: 1.0
Content-Transfer-Encoding: 8bit

<body>
	<table>
		<tr>
		<td>#</td>
			<td>Номер кімнати</td>
				<td>Ім’я</td>
				<td>Прзівище</td>
			<td>По батькові</td>
		<td>Телефон</td>
		</tr>
		
	</table> <br>

	<table>
		<tr>
		<td>#</td>
			<td>Номер кімнати</td>
				<td>Ім’я</td>
				<td>Прзівище</td>
			<td>По батькові</td>
		<td>Телефон</td>
		</tr>
		
	</table>

</body>
--===============8758564026950007291==--

-------------------------------------------------------------------------------
