Content-Type: multipart/alternative;
 boundary="===============8926431674343406302=="
MIME-Version: 1.0
Subject: Daily Time Table
From: timetable_manager@hostel.te.ua
To: manager-room@hostel.te.ua
Date: Tue, 26 Apr 2016 15:23:03 -0000
Message-ID: <20160426152303.27869.47597@andy-linux>

--===============8926431674343406302==
MIME-Version: 1.0
Content-Type: text/plain; charset="utf-8"
Content-Transfer-Encoding: 7bit

text mess
--===============8926431674343406302==
Content-Type: text/html; charset="utf-8"
MIME-Version: 1.0
Content-Transfer-Encoding: 8bit

<body>
	<table>
		<tr>
		<td>#</td>
			<td>Номер кімнати</td>
				<td>Ім’я</td>
				<td>Прзівище</td>
			<td>По батькові</td>
		<td>Телефон</td>
		</tr>
		
	</table> <br>

	<table>
		<tr>
		<td>#</td>
			<td>Номер кімнати</td>
				<td>Ім’я</td>
				<td>Прзівище</td>
			<td>По батькові</td>
		<td>Телефон</td>
		</tr>
		
	</table>

</body>
--===============8926431674343406302==--

-------------------------------------------------------------------------------
