Content-Type: multipart/alternative;
 boundary="===============3740557615956989678=="
MIME-Version: 1.0
Subject: Daily Time Table
From: timetable_manager@hostel.te.ua
To: manager-room@hostel.te.ua
Date: Mon, 25 Apr 2016 18:43:02 -0000
Message-ID: <20160425184302.19967.54164@andy-linux>

--===============3740557615956989678==
MIME-Version: 1.0
Content-Type: text/plain; charset="utf-8"
Content-Transfer-Encoding: 7bit

text mess
--===============3740557615956989678==
Content-Type: text/html; charset="utf-8"
MIME-Version: 1.0
Content-Transfer-Encoding: 8bit

<body>
	<table>
		<tr>
		<td>#</td>
			<td>Номер кімнати</td>
				<td>Ім’я</td>
				<td>Прзівище</td>
			<td>По батькові</td>
		<td>Телефон</td>
		</tr>
		
		<tr>
		<td></td>
		<td>Room #3</td>
		<td>Andriy</td>
		<td>Olek</td>
		<td>Kovalovvvvvv</td>
		<td>111111111111</td>
		</tr>
		
		<tr>
		<td></td>
		<td>Room #4</td>
		<td>Andriy</td>
		<td>Olek</td>
		<td>Kovalovvvvvv</td>
		<td>111111111111</td>
		</tr>
		
	</table> <br>

	<table>
		<tr>
		<td>#</td>
			<td>Номер кімнати</td>
				<td>Ім’я</td>
				<td>Прзівище</td>
			<td>По батькові</td>
		<td>Телефон</td>
		</tr>
		<tr>
		
	</table>

</body>
--===============3740557615956989678==--

-------------------------------------------------------------------------------
