Content-Type: multipart/alternative;
 boundary="===============2525051121083939168=="
MIME-Version: 1.0
Subject: [Django] WARNING (EXTERNAL IP): Not Found:
 /admin/hostel/extuser/add2/change/
From: root@localhost
To: andy.kovv@gmail.com, admin@hostel.te.ua
Date: Tue, 03 May 2016 20:07:46 -0000
Message-ID: <20160503200746.24659.74931@andy-linux>

--===============2525051121083939168==
MIME-Version: 1.0
Content-Type: text/plain; charset="utf-8"
Content-Transfer-Encoding: 7bit

Not Found: /admin/hostel/extuser/add2/change/

Report at /admin/hostel/extuser/add2/change/
Not Found: /admin/hostel/extuser/add2/change/

Request Method: GET
Request URL: http://localhost:8000/admin/hostel/extuser/add2/change/
Django Version: 1.9.4
Python Executable: /var/www/hostel.te.ua/env/bin/python3
Python Version: 3.4.3
Python Path: ['/var/www/hostel.te.ua/hostelmanager', '/var/www/hostel.te.ua/env/lib/python3.4', '/var/www/hostel.te.ua/env/lib/python3.4/plat-x86_64-linux-gnu', '/var/www/hostel.te.ua/env/lib/python3.4/lib-dynload', '/usr/lib/python3.4', '/usr/lib/python3.4/plat-x86_64-linux-gnu', '/var/www/hostel.te.ua/env/lib/python3.4/site-packages']
Server time: Tue, 3 May 2016 20:07:46 +0000
Installed Applications:
['django.contrib.admin',
 'django.contrib.auth',
 'django.contrib.contenttypes',
 'django.contrib.sessions',
 'django.contrib.messages',
 'django.contrib.staticfiles',
 'django.contrib.sites',
 'allauth',
 'allauth.account',
 'allauth.socialaccount',
 'allauth.socialaccount.providers.google',
 'allauth.socialaccount.providers.vk',
 'allauth.socialaccount.providers.facebook',
 'rest_framework',
 'rest_framework.authtoken',
 'hostel',
 'geoposition',
 'django_cron']
Installed Middleware:
['django.middleware.security.SecurityMiddleware',
 'django.contrib.sessions.middleware.SessionMiddleware',
 'django.middleware.common.CommonMiddleware',
 'django.middleware.csrf.CsrfViewMiddleware',
 'django.contrib.auth.middleware.AuthenticationMiddleware',
 'django.contrib.auth.middleware.SessionAuthenticationMiddleware',
 'django.contrib.messages.middleware.MessageMiddleware',
 'django.middleware.clickjacking.XFrameOptionsMiddleware',
 'django.middleware.common.BrokenLinkEmailsMiddleware']

Request information:
GET: No GET data

POST: No POST data

FILES: No FILES data

COOKIES:
sessionid = '2xqpgy2hw689n3zl4b12jnjld8nfcjo3'
csrftoken = 'YAeOit3fRsmUF9mJa2LrhWi9M0I7onKj'

META:
TZ = 'UTC'
DJANGO_SETTINGS_MODULE = 'hostelmanager.settings'
DISPLAY = ':0'
SHLVL = '1'
XDG_GREETER_DATA_DIR = '/var/lib/lightdm-data/andy'
MANDATORY_PATH = '/usr/share/gconf/pantheon.mandatory.path'
XDG_SEAT = 'seat0'
GNOME_KEYRING_PID = '2299'
HTTP_UPGRADE_INSECURE_REQUESTS = '1'
QUERY_STRING = ''
SSH_AUTH_SOCK = '/run/user/1000/keyring-LNFIhg/ssh'
VTE_VERSION = '3409'
SESSION_MANAGER = 'local/andy-linux:@/tmp/.ICE-unix/2301,unix/andy-linux:/tmp/.ICE-unix/2301'
GATEWAY_INTERFACE = 'CGI/1.1'
TERM = 'xterm'
CONTENT_LENGTH = ''
REMOTE_HOST = ''
GIO_LAUNCHED_DESKTOP_FILE = '/etc/xdg/autostart/gnome-settings-daemon-pantheon.desktop'
XMODIFIERS = '@im=ibus'
SERVER_NAME = 'projectcarv.com'
XDG_CONFIG_DIRS = '/etc/xdg/xdg-pantheon:/etc/xdg'
LC_NAME = 'en_US.UTF-8'
TEXTDOMAIN = 'im-config'
XDG_VTNR = '7'
GPG_AGENT_INFO = '/run/user/1000/keyring-LNFIhg/gpg:0:1'
XDG_SESSION_ID = 'c2'
PATH = '/var/www/hostel.te.ua/env/bin:/usr/local/sbin:/usr/local/bin:/usr/sbin:/usr/bin:/sbin:/bin:/usr/games:/usr/local/games'
wsgi.run_once = False
wsgi.errors = <_io.TextIOWrapper name='<stderr>' mode='w' encoding='UTF-8'>
GNOME_DESKTOP_SESSION_ID = 'this-is-deprecated'
HTTP_USER_AGENT = 'Mozilla/5.0 (X11; Linux x86_64) AppleWebKit/537.36 (KHTML, like Gecko) Chrome/50.0.2661.94 Safari/537.36'
LC_TELEPHONE = 'en_US.UTF-8'
LESSCLOSE = '/usr/bin/lesspipe %s %s'
SERVER_SOFTWARE = 'WSGIServer/0.2'
wsgi.file_wrapper = ''
PS1 = '(env) \\[\\e]0;$(print_title)\\a\\]${debian_chroot:+($debian_chroot)}\\u@\\h:\\w\\$ '
HTTP_PRAGMA = 'no-cache'
XDG_RUNTIME_DIR = '/run/user/1000'
LOGNAME = 'andy'
HTTP_HOST = 'localhost:8000'
GNOME_KEYRING_CONTROL = '/run/user/1000/keyring-LNFIhg'
XDG_DATA_DIRS = '/usr/share/pantheon:/usr/local/share/:/usr/share/'
SCRIPT_NAME = ''
GTK_CSD = '1'
CSRF_COOKIE = 'YAeOit3fRsmUF9mJa2LrhWi9M0I7onKj'
HTTP_COOKIE = 'csrftoken=YAeOit3fRsmUF9mJa2LrhWi9M0I7onKj; sessionid=2xqpgy2hw689n3zl4b12jnjld8nfcjo3'
wsgi.multiprocess = False
LC_MEASUREMENT = 'en_US.UTF-8'
PROMPT_COMMAND = '__bp_precmd_invoke_cmd; dbus-send --type=method_call --session --dest=net.launchpad.pantheon-terminal /net/launchpad/pantheon_terminal org.pantheon.terminal.ProcessFinished string:$PANTHEON_TERMINAL_ID string:"$(history 1 | cut -c 8-)" >/dev/null 2>&1;  __bp_interactive_mode;'
REMOTE_ADDR = '127.0.0.1'
wsgi.url_scheme = 'http'
LANG = 'en_AU.UTF-8'
wsgi.version = 
DESKTOP_SESSION = 'pantheon'
SSH_AGENT_PID = '2376'
LS_COLORS = 'rs=0:di=01;34:ln=01;36:mh=00:pi=40;33:so=01;35:do=01;35:bd=40;33;01:cd=40;33;01:or=40;31;01:su=37;41:sg=30;43:ca=30;41:tw=30;42:ow=34;42:st=37;44:ex=01;32:*.tar=01;31:*.tgz=01;31:*.arj=01;31:*.taz=01;31:*.lzh=01;31:*.lzma=01;31:*.tlz=01;31:*.txz=01;31:*.zip=01;31:*.z=01;31:*.Z=01;31:*.dz=01;31:*.gz=01;31:*.lz=01;31:*.xz=01;31:*.bz2=01;31:*.bz=01;31:*.tbz=01;31:*.tbz2=01;31:*.tz=01;31:*.deb=01;31:*.rpm=01;31:*.jar=01;31:*.war=01;31:*.ear=01;31:*.sar=01;31:*.rar=01;31:*.ace=01;31:*.zoo=01;31:*.cpio=01;31:*.7z=01;31:*.rz=01;31:*.jpg=01;35:*.jpeg=01;35:*.gif=01;35:*.bmp=01;35:*.pbm=01;35:*.pgm=01;35:*.ppm=01;35:*.tga=01;35:*.xbm=01;35:*.xpm=01;35:*.tif=01;35:*.tiff=01;35:*.png=01;35:*.svg=01;35:*.svgz=01;35:*.mng=01;35:*.pcx=01;35:*.mov=01;35:*.mpg=01;35:*.mpeg=01;35:*.m2v=01;35:*.mkv=01;35:*.webm=01;35:*.ogm=01;35:*.mp4=01;35:*.m4v=01;35:*.mp4v=01;35:*.vob=01;35:*.qt=01;35:*.nuv=01;35:*.wmv=01;35:*.asf=01;35:*.rm=01;35:*.rmvb=01;35:*.flc=01;35:*.avi=01;35:*.fli=01;35:*.flv=01;35:*.gl=01;35:*.dl=01;35:*.xcf=01;35:*.xwd=01;35:*.yuv=01;35:*.cgm=01;35:*.emf=01;35:*.axv=01;35:*.anx=01;35:*.ogv=01;35:*.ogx=01;35:*.aac=00;36:*.au=00;36:*.flac=00;36:*.mid=00;36:*.midi=00;36:*.mka=00;36:*.mp3=00;36:*.mpc=00;36:*.ogg=00;36:*.ra=00;36:*.wav=00;36:*.axa=00;36:*.oga=00;36:*.spx=00;36:*.xspf=00;36:'
XDG_MENU_PREFIX = 'gnome-'
GDM_LANG = 'en_AU'
XAUTHORITY = '/home/andy/.Xauthority'
REQUEST_METHOD = 'GET'
QT4_IM_MODULE = 'xim'
XDG_SESSION_PATH = '/org/freedesktop/DisplayManager/Session0'
LC_PAPER = 'en_US.UTF-8'
QT_IM_MODULE = 'ibus'
wsgi.input = <_io.BufferedReader name=7>
PAPERSIZE = 'letter'
PATH_INFO = '/admin/hostel/extuser/add2/change/'
DBUS_SESSION_BUS_ADDRESS = 'unix:abstract=/tmp/dbus-50yt6fsIDS,guid=7b69af3e69781c4ada00cf985728374d'
HTTP_ACCEPT_LANGUAGE = 'uk,ru;q=0.8,en-GB;q=0.6,en;q=0.4,en-US;q=0.2'
PANTHEON_TERMINAL_ID = '6'
GTK_IM_MODULE = 'ibus'
HTTP_ACCEPT = 'text/html,application/xhtml+xml,application/xml;q=0.9,image/webp,*/*;q=0.8'
GTK_MODULES = 'pantheon-filechooser-module'
wsgi.multithread = True
CONTENT_TYPE = 'text/plain'
LC_IDENTIFICATION = 'en_US.UTF-8'
SERVER_PORT = '8000'
RUN_MAIN = 'true'
SHELL = '/bin/bash'
HTTP_CONNECTION = 'keep-alive'
NODE_PATH = '/usr/lib/nodejs:/usr/lib/node_modules:/usr/share/javascript'
HOME = '/home/andy'
CLUTTER_IM_MODULE = 'xim'
USER = 'andy'
PWD = '/var/www/hostel.te.ua/hostelmanager'
DEFAULTS_PATH = '/usr/share/gconf/pantheon.default.path'
TEXTDOMAINDIR = '/usr/share/locale/'
HTTP_ACCEPT_ENCODING = 'gzip, deflate, sdch'
LC_NUMERIC = 'en_US.UTF-8'
LC_MONETARY = 'en_US.UTF-8'
GDMSESSION = 'pantheon'
LANGUAGE = 'en_AU'
OLDPWD = '/var/www/hostel.te.ua'
LC_ADDRESS = 'en_US.UTF-8'
LESSOPEN = '| /usr/bin/lesspipe %s'
VIRTUAL_ENV = '/var/www/hostel.te.ua/env'
SERVER_PROTOCOL = 'HTTP/1.1'
LC_TIME = 'en_US.UTF-8'
HTTP_CACHE_CONTROL = 'no-cache'
XDG_SEAT_PATH = '/org/freedesktop/DisplayManager/Seat0'
XDG_CURRENT_DESKTOP = 'Pantheon'
_ = '/var/www/hostel.te.ua/env/bin/python3'
GIO_LAUNCHED_DESKTOP_FILE_PID = '2463'

Settings:
Using settings module hostelmanager.settings
SECURE_SSL_REDIRECT = False
USE_L10N = True
DEBUG_PROPAGATE_EXCEPTIONS = False
TEMPLATE_DIRS = []
PREPEND_WWW = False
SECURE_SSL_HOST = None
LOGIN_URL = '/accounts/login/'
USE_ETAGS = False
ACCOUNT_USERNAME_REQUIRED = False
SESSION_SERIALIZER = 'django.contrib.sessions.serializers.JSONSerializer'
ALLOWED_HOSTS = []
SESSION_FILE_PATH = None
DATETIME_INPUT_FORMATS = ['%Y-%m-%d %H:%M:%S', '%Y-%m-%d %H:%M:%S.%f', '%Y-%m-%d %H:%M', '%Y-%m-%d', '%m/%d/%Y %H:%M:%S', '%m/%d/%Y %H:%M:%S.%f', '%m/%d/%Y %H:%M', '%m/%d/%Y', '%m/%d/%y %H:%M:%S', '%m/%d/%y %H:%M:%S.%f', '%m/%d/%y %H:%M', '%m/%d/%y']
CACHES = {'default': {'BACKEND': 'django.core.cache.backends.locmem.LocMemCache'}}
IGNORABLE_404_URLS = []
CSRF_FAILURE_VIEW = 'django.views.csrf.csrf_failure'
SESSION_COOKIE_SECURE = False
MEDIA_URL = ''
MIGRATION_MODULES = {}
LOGOUT_URL = '/accounts/logout/'
MANAGERS = []
ACCOUNT_USER_MODEL_USERNAME_FIELD = None
SECURE_PROXY_SSL_HEADER = None
ROOT_URLCONF = 'hostelmanager.urls'
SERVER_EMAIL = 'root@localhost'
CACHE_MIDDLEWARE_SECONDS = 600
LANGUAGES = [('af', 'Afrikaans'), ('ar', 'Arabic'), ('ast', 'Asturian'), ('az', 'Azerbaijani'), ('bg', 'Bulgarian'), ('be', 'Belarusian'), ('bn', 'Bengali'), ('br', 'Breton'), ('bs', 'Bosnian'), ('ca', 'Catalan'), ('cs', 'Czech'), ('cy', 'Welsh'), ('da', 'Danish'), ('de', 'German'), ('el', 'Greek'), ('en', 'English'), ('en-au', 'Australian English'), ('en-gb', 'British English'), ('eo', 'Esperanto'), ('es', 'Spanish'), ('es-ar', 'Argentinian Spanish'), ('es-co', 'Colombian Spanish'), ('es-mx', 'Mexican Spanish'), ('es-ni', 'Nicaraguan Spanish'), ('es-ve', 'Venezuelan Spanish'), ('et', 'Estonian'), ('eu', 'Basque'), ('fa', 'Persian'), ('fi', 'Finnish'), ('fr', 'French'), ('fy', 'Frisian'), ('ga', 'Irish'), ('gd', 'Scottish Gaelic'), ('gl', 'Galician'), ('he', 'Hebrew'), ('hi', 'Hindi'), ('hr', 'Croatian'), ('hu', 'Hungarian'), ('ia', 'Interlingua'), ('id', 'Indonesian'), ('io', 'Ido'), ('is', 'Icelandic'), ('it', 'Italian'), ('ja', 'Japanese'), ('ka', 'Georgian'), ('kk', 'Kazakh'), ('km', 'Khmer'), ('kn', 'Kannada'), ('ko', 'Korean'), ('lb', 'Luxembourgish'), ('lt', 'Lithuanian'), ('lv', 'Latvian'), ('mk', 'Macedonian'), ('ml', 'Malayalam'), ('mn', 'Mongolian'), ('mr', 'Marathi'), ('my', 'Burmese'), ('nb', 'Norwegian Bokmal'), ('ne', 'Nepali'), ('nl', 'Dutch'), ('nn', 'Norwegian Nynorsk'), ('os', 'Ossetic'), ('pa', 'Punjabi'), ('pl', 'Polish'), ('pt', 'Portuguese'), ('pt-br', 'Brazilian Portuguese'), ('ro', 'Romanian'), ('ru', 'Russian'), ('sk', 'Slovak'), ('sl', 'Slovenian'), ('sq', 'Albanian'), ('sr', 'Serbian'), ('sr-latn', 'Serbian Latin'), ('sv', 'Swedish'), ('sw', 'Swahili'), ('ta', 'Tamil'), ('te', 'Telugu'), ('th', 'Thai'), ('tr', 'Turkish'), ('tt', 'Tatar'), ('udm', 'Udmurt'), ('uk', 'Ukrainian'), ('ur', 'Urdu'), ('vi', 'Vietnamese'), ('zh-hans', 'Simplified Chinese'), ('zh-hant', 'Traditional Chinese')]
CSRF_HEADER_NAME = 'HTTP_X_CSRFTOKEN'
EMAIL_SUBJECT_PREFIX = '[Django] '
STATIC_URL = '/static/'
DATABASES = {'default': {'OPTIONS': {}, 'HOST': 'localhost', 'NAME': 'hostel', 'PORT': '3306', 'TEST': {'CHARSET': None, 'NAME': None, 'COLLATION': None, 'MIRROR': None}, 'ENGINE': 'django.db.backends.mysql', 'ATOMIC_REQUESTS': False, 'PASSWORD': '********************', 'USER': 'root', 'AUTOCOMMIT': True, 'TIME_ZONE': None, 'CONN_MAX_AGE': 0}}
CSRF_COOKIE_NAME = 'csrftoken'
CSRF_TRUSTED_ORIGINS = []
SECURE_HSTS_INCLUDE_SUBDOMAINS = False
FORMAT_MODULE_PATH = None
GEOPOSITION_MARKER_OPTIONS = {}
SESSION_ENGINE = 'django.contrib.sessions.backends.db'
MIDDLEWARE_CLASSES = ['django.middleware.security.SecurityMiddleware', 'django.contrib.sessions.middleware.SessionMiddleware', 'django.middleware.common.CommonMiddleware', 'django.middleware.csrf.CsrfViewMiddleware', 'django.contrib.auth.middleware.AuthenticationMiddleware', 'django.contrib.auth.middleware.SessionAuthenticationMiddleware', 'django.contrib.messages.middleware.MessageMiddleware', 'django.middleware.clickjacking.XFrameOptionsMiddleware', 'django.middleware.common.BrokenLinkEmailsMiddleware']
LOGGING = {'filters': {'require_debug_false': {'()': 'django.utils.log.RequireDebugFalse'}}, 'handlers': {'file': {'class': 'logging.FileHandler', 'filename': '/var/www/hostel.te.ua/hostelmanager/debug.log', 'level': 'WARNING', 'formatter': 'verbose'}, 'mail_admins': {'class': 'django.utils.log.AdminEmailHandler', 'level': 'WARNING', 'include_html': True}}, 'version': 1, 'disable_existing_loggers': False, 'loggers': {'django.request': {'handlers': ['mail_admins'], 'level': 'WARNING', 'propagate': False}, 'django': {'handlers': ['file'], 'level': 'DEBUG', 'propagate': True}}, 'formatters': {'simple': {'format': '%(levelname)s %(message)s'}, 'verbose': {'format': '[%(asctime)s] %(levelname)s [%(name)s:%(lineno)s] %(message)s', 'datefmt': '%d/%b/%Y %H:%M:%S'}}}
SESSION_SAVE_EVERY_REQUEST = True
FILE_UPLOAD_TEMP_DIR = None
SHORT_DATETIME_FORMAT = 'm/d/Y P'
EMAIL_HOST = 'localhost'
TEMPLATE_LOADERS = ['django.template.loaders.filesystem.Loader', 'django.template.loaders.app_directories.Loader']
TIME_FORMAT = 'P'
DEFAULT_EXCEPTION_REPORTER_FILTER = 'django.views.debug.SafeExceptionReporterFilter'
STATIC_ROOT = None
EMAIL_TIMEOUT = None
CACHE_MIDDLEWARE_ALIAS = 'default'
THOUSAND_SEPARATOR = ','
SESSION_COOKIE_DOMAIN = None
SECURE_REDIRECT_EXEMPT = []
CSRF_COOKIE_AGE = 31449600
SETTINGS_MODULE = 'hostelmanager.settings'
TIME_INPUT_FORMATS = ['%H:%M:%S', '%H:%M:%S.%f', '%H:%M']
ABSOLUTE_URL_OVERRIDES = {}
INTERNAL_IPS = []
PASSWORD_RESET_TIMEOUT_DAYS = '********************'
LOGGING_CONFIG = 'logging.config.dictConfig'
FILE_UPLOAD_PERMISSIONS = None
DISALLOWED_USER_AGENTS = []
STATICFILES_STORAGE = 'django.contrib.staticfiles.storage.StaticFilesStorage'
SILENCED_SYSTEM_CHECKS = []
USE_I18N = True
REST_FRAMEWORK = {'DEFAULT_AUTHENTICATION_CLASSES': ('rest_framework.authentication.SessionAuthentication', 'rest_framework.authentication.TokenAuthentication')}
PASSWORD_HASHERS = '********************'
DEFAULT_TABLESPACE = ''
CRON_CLASSES = ['hostel.cronjobs.UnpaymentOrder', 'hostel.cronjobs.DailyTimeTable']
STATICFILES_DIRS = 
X_FRAME_OPTIONS = 'SAMEORIGIN'
DATE_INPUT_FORMATS = ['%Y-%m-%d', '%m/%d/%Y', '%m/%d/%y', '%b %d %Y', '%b %d, %Y', '%d %b %Y', '%d %b, %Y', '%B %d %Y', '%B %d, %Y', '%d %B %Y', '%d %B, %Y']
ACCOUNT_EMAIL_VERIFICATION = 'optional'
EMAIL_PORT = 25
LANGUAGES_BIDI = ['he', 'ar', 'fa', 'ur']
FILE_UPLOAD_HANDLERS = ['django.core.files.uploadhandler.MemoryFileUploadHandler', 'django.core.files.uploadhandler.TemporaryFileUploadHandler']
SECURE_CONTENT_TYPE_NOSNIFF = False
FIXTURE_DIRS = []
GEOPOSITION_MAP_WIDGET_HEIGHT = 240
ACCOUNT_EMAIL_REQUIRED = True
BASE_DIR = '/var/www/hostel.te.ua/hostelmanager'
EMAIL_SSL_KEYFILE = '********************'
EMAIL_USE_TLS = False
AUTH_USER_MODEL = 'hostel.ExtUser'
TEMPLATE_CONTEXT_PROCESSORS = ['django.contrib.auth.context_processors.auth', 'django.template.context_processors.debug', 'django.template.context_processors.i18n', 'django.template.context_processors.media', 'django.template.context_processors.static', 'django.template.context_processors.tz', 'django.contrib.messages.context_processors.messages']
SESSION_COOKIE_HTTPONLY = True
DEFAULT_FROM_EMAIL = 'webmaster@localhost'
FILE_UPLOAD_DIRECTORY_PERMISSIONS = None
FILE_UPLOAD_MAX_MEMORY_SIZE = 2621440
EMAIL_HOST_USER = ''
MEDIA_ROOT = '/var/www/hostel.te.ua/hostelmanager/media/roomimage/'
CSRF_COOKIE_DOMAIN = None
FORCE_SCRIPT_NAME = None
REST_SESSION_LOGIN = True
EMAIL_BACKEND = 'django.core.mail.backends.filebased.EmailBackend'
FIRST_DAY_OF_WEEK = 0
SESSION_COOKIE_PATH = '/'
USE_X_FORWARDED_HOST = False
CSRF_COOKIE_PATH = '/'
CSRF_COOKIE_HTTPONLY = False
USE_THOUSAND_SEPARATOR = False
SECRET_KEY = '********************'
ACCOUNT_AUTHENTICATION_METHOD = 'email'
TEST_NON_SERIALIZED_APPS = []
SHORT_DATE_FORMAT = 'm/d/Y'
DATE_FORMAT = 'N j, Y'
MONTH_DAY_FORMAT = 'F j'
AUTHENTICATION_BACKENDS = 
USE_TZ = True
MESSAGE_STORAGE = 'django.contrib.messages.storage.fallback.FallbackStorage'
LANGUAGE_COOKIE_NAME = 'django_language'
NUMBER_GROUPING = 0
SIGNING_BACKEND = 'django.core.signing.TimestampSigner'
SESSION_COOKIE_NAME = 'sessionid'
TEMPLATE_STRING_IF_INVALID = ''
TEMPLATE_DEBUG = False
AUTH_PASSWORD_VALIDATORS = '********************'
USE_X_FORWARDED_PORT = False
SESSION_CACHE_ALIAS = 'default'
CSRF_COOKIE_SECURE = False
LOCALE_PATHS = []
ADMINS = [('Andy', 'andy.kovv@gmail.com'), ('Admin', 'admin@hostel.te.ua')]
DATABASE_ROUTERS = []
DECIMAL_SEPARATOR = '.'
EMAIL_USE_SSL = False
TEST_RUNNER = 'django.test.runner.DiscoverRunner'
WSGI_APPLICATION = 'hostelmanager.wsgi.application'
DEFAULT_CHARSET = 'utf-8'
LANGUAGE_COOKIE_PATH = '/'
SITE_ID = 4
STATICFILES_FINDERS = ['django.contrib.staticfiles.finders.FileSystemFinder', 'django.contrib.staticfiles.finders.AppDirectoriesFinder']
TIME_ZONE = 'UTC'
YEAR_MONTH_FORMAT = 'F Y'
DEBUG = True
LANGUAGE_CODE = 'en-us'
FILE_CHARSET = 'utf-8'
EMAIL_FILE_PATH = '/var/www/hostel.te.ua/email_tmp'
SECURE_BROWSER_XSS_FILTER = False
LANGUAGE_COOKIE_DOMAIN = None
ALLOWED_INCLUDE_ROOTS = []
LANGUAGE_COOKIE_AGE = None
INSTALLED_APPS = ['django.contrib.admin', 'django.contrib.auth', 'django.contrib.contenttypes', 'django.contrib.sessions', 'django.contrib.messages', 'django.contrib.staticfiles', 'django.contrib.sites', 'allauth', 'allauth.account', 'allauth.socialaccount', 'allauth.socialaccount.providers.google', 'allauth.socialaccount.providers.vk', 'allauth.socialaccount.providers.facebook', 'rest_framework', 'rest_framework.authtoken', 'hostel', 'geoposition', 'django_cron']
LOGIN_REDIRECT_URL = '/'
EMAIL_HOST_PASSWORD = '********************'
CACHE_MIDDLEWARE_KEY_PREFIX = '********************'
DEFAULT_INDEX_TABLESPACE = ''
DEFAULT_CONTENT_TYPE = 'text/html'
EMAIL_SSL_CERTFILE = None
APPEND_SLASH = True
DATETIME_FORMAT = 'N j, Y, P'
SESSION_COOKIE_AGE = 1209600
SECURE_HSTS_SECONDS = 0
TEMPLATES = [{'DIRS': ['/var/www/hostel.te.ua/hostelmanager/hostel/templates/', '/var/www/hostel.te.ua/hostelmanager/hostel/templates/hostel/'], 'APP_DIRS': True, 'OPTIONS': {'context_processors': ['django.template.context_processors.debug', 'django.template.context_processors.request', 'django.contrib.auth.context_processors.auth', 'django.contrib.messages.context_processors.messages']}, 'BACKEND': 'django.template.backends.django.DjangoTemplates'}]
DEFAULT_FILE_STORAGE = 'django.core.files.storage.FileSystemStorage'
GEOPOSITION_MAP_OPTIONS = {}
SESSION_EXPIRE_AT_BROWSER_CLOSE = False



--===============2525051121083939168==
MIME-Version: 1.0
Content-Type: text/html; charset="utf-8"
Content-Transfer-Encoding: 7bit


<!DOCTYPE html>
<html lang="en">
<head>
  <meta http-equiv="content-type" content="text/html; charset=utf-8">
  <meta name="robots" content="NONE,NOARCHIVE">
  <title>Report at /admin/hostel/extuser/add2/change/</title>
  <style type="text/css">
    html * { padding:0; margin:0; }
    body * { padding:10px 20px; }
    body * * { padding:0; }
    body { font:small sans-serif; }
    body>div { border-bottom:1px solid #ddd; }
    h1 { font-weight:normal; }
    h2 { margin-bottom:.8em; }
    h2 span { font-size:80%; color:#666; font-weight:normal; }
    h3 { margin:1em 0 .5em 0; }
    h4 { margin:0 0 .5em 0; font-weight: normal; }
    code, pre { font-size: 100%; white-space: pre-wrap; }
    table { border:1px solid #ccc; border-collapse: collapse; width:100%; background:white; }
    tbody td, tbody th { vertical-align:top; padding:2px 3px; }
    thead th {
      padding:1px 6px 1px 3px; background:#fefefe; text-align:left;
      font-weight:normal; font-size:11px; border:1px solid #ddd;
    }
    tbody th { width:12em; text-align:right; color:#666; padding-right:.5em; }
    table.vars { margin:5px 0 2px 40px; }
    table.vars td, table.req td { font-family:monospace; }
    table td.code { width:100%; }
    table td.code pre { overflow:hidden; }
    table.source th { color:#666; }
    table.source td { font-family:monospace; white-space:pre; border-bottom:1px solid #eee; }
    ul.traceback { list-style-type:none; color: #222; }
    ul.traceback li.frame { padding-bottom:1em; color:#666; }
    ul.traceback li.user { background-color:#e0e0e0; color:#000 }
    div.context { padding:10px 0; overflow:hidden; }
    div.context ol { padding-left:30px; margin:0 10px; list-style-position: inside; }
    div.context ol li { font-family:monospace; white-space:pre; color:#777; cursor:pointer; padding-left: 2px; }
    div.context ol li pre { display:inline; }
    div.context ol.context-line li { color:#505050; background-color:#dfdfdf; padding: 3px 2px; }
    div.context ol.context-line li span { position:absolute; right:32px; }
    .user div.context ol.context-line li { background-color:#bbb; color:#000; }
    .user div.context ol li { color:#666; }
    div.commands { margin-left: 40px; }
    div.commands a { color:#555; text-decoration:none; }
    .user div.commands a { color: black; }
    #summary { background: #ffc; }
    #summary h2 { font-weight: normal; color: #666; }
    #explanation { background:#eee; }
    #template, #template-not-exist { background:#f6f6f6; }
    #template-not-exist ul { margin: 0 0 10px 20px; }
    #template-not-exist .postmortem-section { margin-bottom: 3px; }
    #unicode-hint { background:#eee; }
    #traceback { background:#eee; }
    #requestinfo { background:#f6f6f6; padding-left:120px; }
    #summary table { border:none; background:transparent; }
    #requestinfo h2, #requestinfo h3 { position:relative; margin-left:-100px; }
    #requestinfo h3 { margin-bottom:-1em; }
    .error { background: #ffc; }
    .specific { color:#cc3300; font-weight:bold; }
    h2 span.commands { font-size:.7em;}
    span.commands a:link {color:#5E5694;}
    pre.exception_value { font-family: sans-serif; color: #666; font-size: 1.5em; margin: 10px 0 10px 0; }
    .append-bottom { margin-bottom: 10px; }
  </style>
  
</head>
<body>
<div id="summary">
  <h1>Report at /admin/hostel/extuser/add2/change/</h1>
  <pre class="exception_value">Not Found: /admin/hostel/extuser/add2/change/</pre>
  <table class="meta">

    <tr>
      <th>Request Method:</th>
      <td>GET</td>
    </tr>
    <tr>
      <th>Request URL:</th>
      <td>http://localhost:8000/admin/hostel/extuser/add2/change/</td>
    </tr>

    <tr>
      <th>Django Version:</th>
      <td>1.9.4</td>
    </tr>



    <tr>
      <th>Python Executable:</th>
      <td>/var/www/hostel.te.ua/env/bin/python3</td>
    </tr>
    <tr>
      <th>Python Version:</th>
      <td>3.4.3</td>
    </tr>
    <tr>
      <th>Python Path:</th>
      <td><pre>[&#39;/var/www/hostel.te.ua/hostelmanager&#39;,
 &#39;/var/www/hostel.te.ua/env/lib/python3.4&#39;,
 &#39;/var/www/hostel.te.ua/env/lib/python3.4/plat-x86_64-linux-gnu&#39;,
 &#39;/var/www/hostel.te.ua/env/lib/python3.4/lib-dynload&#39;,
 &#39;/usr/lib/python3.4&#39;,
 &#39;/usr/lib/python3.4/plat-x86_64-linux-gnu&#39;,
 &#39;/var/www/hostel.te.ua/env/lib/python3.4/site-packages&#39;]</pre></td>
    </tr>
    <tr>
      <th>Server time:</th>
      <td>Tue, 3 May 2016 20:07:46 +0000</td>
    </tr>
  </table>
</div>





<div id="requestinfo">
  <h2>Request information</h2>


  <h3 id="get-info">GET</h3>
  
    <p>No GET data</p>
  

  <h3 id="post-info">POST</h3>
  
    <p>No POST data</p>
  
  <h3 id="files-info">FILES</h3>
  
    <p>No FILES data</p>
  


  <h3 id="cookie-info">COOKIES</h3>
  
    <table class="req">
      <thead>
        <tr>
          <th>Variable</th>
          <th>Value</th>
        </tr>
      </thead>
      <tbody>
        
          <tr>
            <td>sessionid</td>
            <td class="code"><pre>&#39;2xqpgy2hw689n3zl4b12jnjld8nfcjo3&#39;</pre></td>
          </tr>
        
          <tr>
            <td>csrftoken</td>
            <td class="code"><pre>&#39;YAeOit3fRsmUF9mJa2LrhWi9M0I7onKj&#39;</pre></td>
          </tr>
        
      </tbody>
    </table>
  

  <h3 id="meta-info">META</h3>
  <table class="req">
    <thead>
      <tr>
        <th>Variable</th>
        <th>Value</th>
      </tr>
    </thead>
    <tbody>
      
        <tr>
          <td>TZ</td>
          <td class="code"><pre>&#39;UTC&#39;</pre></td>
        </tr>
      
        <tr>
          <td>DJANGO_SETTINGS_MODULE</td>
          <td class="code"><pre>&#39;hostelmanager.settings&#39;</pre></td>
        </tr>
      
        <tr>
          <td>DISPLAY</td>
          <td class="code"><pre>&#39;:0&#39;</pre></td>
        </tr>
      
        <tr>
          <td>SHLVL</td>
          <td class="code"><pre>&#39;1&#39;</pre></td>
        </tr>
      
        <tr>
          <td>XDG_GREETER_DATA_DIR</td>
          <td class="code"><pre>&#39;/var/lib/lightdm-data/andy&#39;</pre></td>
        </tr>
      
        <tr>
          <td>MANDATORY_PATH</td>
          <td class="code"><pre>&#39;/usr/share/gconf/pantheon.mandatory.path&#39;</pre></td>
        </tr>
      
        <tr>
          <td>XDG_SEAT</td>
          <td class="code"><pre>&#39;seat0&#39;</pre></td>
        </tr>
      
        <tr>
          <td>GNOME_KEYRING_PID</td>
          <td class="code"><pre>&#39;2299&#39;</pre></td>
        </tr>
      
        <tr>
          <td>HTTP_UPGRADE_INSECURE_REQUESTS</td>
          <td class="code"><pre>&#39;1&#39;</pre></td>
        </tr>
      
        <tr>
          <td>QUERY_STRING</td>
          <td class="code"><pre>&#39;&#39;</pre></td>
        </tr>
      
        <tr>
          <td>SSH_AUTH_SOCK</td>
          <td class="code"><pre>&#39;/run/user/1000/keyring-LNFIhg/ssh&#39;</pre></td>
        </tr>
      
        <tr>
          <td>VTE_VERSION</td>
          <td class="code"><pre>&#39;3409&#39;</pre></td>
        </tr>
      
        <tr>
          <td>SESSION_MANAGER</td>
          <td class="code"><pre>&#39;local/andy-linux:@/tmp/.ICE-unix/2301,unix/andy-linux:/tmp/.ICE-unix/2301&#39;</pre></td>
        </tr>
      
        <tr>
          <td>GATEWAY_INTERFACE</td>
          <td class="code"><pre>&#39;CGI/1.1&#39;</pre></td>
        </tr>
      
        <tr>
          <td>TERM</td>
          <td class="code"><pre>&#39;xterm&#39;</pre></td>
        </tr>
      
        <tr>
          <td>CONTENT_LENGTH</td>
          <td class="code"><pre>&#39;&#39;</pre></td>
        </tr>
      
        <tr>
          <td>REMOTE_HOST</td>
          <td class="code"><pre>&#39;&#39;</pre></td>
        </tr>
      
        <tr>
          <td>GIO_LAUNCHED_DESKTOP_FILE</td>
          <td class="code"><pre>&#39;/etc/xdg/autostart/gnome-settings-daemon-pantheon.desktop&#39;</pre></td>
        </tr>
      
        <tr>
          <td>XMODIFIERS</td>
          <td class="code"><pre>&#39;@im=ibus&#39;</pre></td>
        </tr>
      
        <tr>
          <td>SERVER_NAME</td>
          <td class="code"><pre>&#39;projectcarv.com&#39;</pre></td>
        </tr>
      
        <tr>
          <td>XDG_CONFIG_DIRS</td>
          <td class="code"><pre>&#39;/etc/xdg/xdg-pantheon:/etc/xdg&#39;</pre></td>
        </tr>
      
        <tr>
          <td>LC_NAME</td>
          <td class="code"><pre>&#39;en_US.UTF-8&#39;</pre></td>
        </tr>
      
        <tr>
          <td>TEXTDOMAIN</td>
          <td class="code"><pre>&#39;im-config&#39;</pre></td>
        </tr>
      
        <tr>
          <td>XDG_VTNR</td>
          <td class="code"><pre>&#39;7&#39;</pre></td>
        </tr>
      
        <tr>
          <td>GPG_AGENT_INFO</td>
          <td class="code"><pre>&#39;/run/user/1000/keyring-LNFIhg/gpg:0:1&#39;</pre></td>
        </tr>
      
        <tr>
          <td>XDG_SESSION_ID</td>
          <td class="code"><pre>&#39;c2&#39;</pre></td>
        </tr>
      
        <tr>
          <td>PATH</td>
          <td class="code"><pre>&#39;/var/www/hostel.te.ua/env/bin:/usr/local/sbin:/usr/local/bin:/usr/sbin:/usr/bin:/sbin:/bin:/usr/games:/usr/local/games&#39;</pre></td>
        </tr>
      
        <tr>
          <td>wsgi.run_once</td>
          <td class="code"><pre>False</pre></td>
        </tr>
      
        <tr>
          <td>wsgi.errors</td>
          <td class="code"><pre>&lt;_io.TextIOWrapper name=&#39;&lt;stderr&gt;&#39; mode=&#39;w&#39; encoding=&#39;UTF-8&#39;&gt;</pre></td>
        </tr>
      
        <tr>
          <td>GNOME_DESKTOP_SESSION_ID</td>
          <td class="code"><pre>&#39;this-is-deprecated&#39;</pre></td>
        </tr>
      
        <tr>
          <td>HTTP_USER_AGENT</td>
          <td class="code"><pre>(&#39;Mozilla/5.0 (X11; Linux x86_64) AppleWebKit/537.36 (KHTML, like Gecko) &#39;
 &#39;Chrome/50.0.2661.94 Safari/537.36&#39;)</pre></td>
        </tr>
      
        <tr>
          <td>LC_TELEPHONE</td>
          <td class="code"><pre>&#39;en_US.UTF-8&#39;</pre></td>
        </tr>
      
        <tr>
          <td>LESSCLOSE</td>
          <td class="code"><pre>&#39;/usr/bin/lesspipe %s %s&#39;</pre></td>
        </tr>
      
        <tr>
          <td>SERVER_SOFTWARE</td>
          <td class="code"><pre>&#39;WSGIServer/0.2&#39;</pre></td>
        </tr>
      
        <tr>
          <td>wsgi.file_wrapper</td>
          <td class="code"><pre>&#39;&#39;</pre></td>
        </tr>
      
        <tr>
          <td>PS1</td>
          <td class="code"><pre>(&#39;(env) &#39;
 &#39;\\[\\e]0;$(print_title)\\a\\]${debian_chroot:+($debian_chroot)}\\u@\\h:\\w\\$ &#39;)</pre></td>
        </tr>
      
        <tr>
          <td>HTTP_PRAGMA</td>
          <td class="code"><pre>&#39;no-cache&#39;</pre></td>
        </tr>
      
        <tr>
          <td>XDG_RUNTIME_DIR</td>
          <td class="code"><pre>&#39;/run/user/1000&#39;</pre></td>
        </tr>
      
        <tr>
          <td>LOGNAME</td>
          <td class="code"><pre>&#39;andy&#39;</pre></td>
        </tr>
      
        <tr>
          <td>HTTP_HOST</td>
          <td class="code"><pre>&#39;localhost:8000&#39;</pre></td>
        </tr>
      
        <tr>
          <td>GNOME_KEYRING_CONTROL</td>
          <td class="code"><pre>&#39;/run/user/1000/keyring-LNFIhg&#39;</pre></td>
        </tr>
      
        <tr>
          <td>XDG_DATA_DIRS</td>
          <td class="code"><pre>&#39;/usr/share/pantheon:/usr/local/share/:/usr/share/&#39;</pre></td>
        </tr>
      
        <tr>
          <td>SCRIPT_NAME</td>
          <td class="code"><pre>&#39;&#39;</pre></td>
        </tr>
      
        <tr>
          <td>GTK_CSD</td>
          <td class="code"><pre>&#39;1&#39;</pre></td>
        </tr>
      
        <tr>
          <td>CSRF_COOKIE</td>
          <td class="code"><pre>&#39;YAeOit3fRsmUF9mJa2LrhWi9M0I7onKj&#39;</pre></td>
        </tr>
      
        <tr>
          <td>HTTP_COOKIE</td>
          <td class="code"><pre>(&#39;csrftoken=YAeOit3fRsmUF9mJa2LrhWi9M0I7onKj; &#39;
 &#39;sessionid=2xqpgy2hw689n3zl4b12jnjld8nfcjo3&#39;)</pre></td>
        </tr>
      
        <tr>
          <td>wsgi.multiprocess</td>
          <td class="code"><pre>False</pre></td>
        </tr>
      
        <tr>
          <td>LC_MEASUREMENT</td>
          <td class="code"><pre>&#39;en_US.UTF-8&#39;</pre></td>
        </tr>
      
        <tr>
          <td>PROMPT_COMMAND</td>
          <td class="code"><pre>(&#39;__bp_precmd_invoke_cmd; dbus-send --type=method_call --session &#39;
 &#39;--dest=net.launchpad.pantheon-terminal /net/launchpad/pantheon_terminal &#39;
 &#39;org.pantheon.terminal.ProcessFinished string:$PANTHEON_TERMINAL_ID &#39;
 &#39;string:&quot;$(history 1 | cut -c 8-)&quot; &gt;/dev/null 2&gt;&amp;1;  __bp_interactive_mode;&#39;)</pre></td>
        </tr>
      
        <tr>
          <td>REMOTE_ADDR</td>
          <td class="code"><pre>&#39;127.0.0.1&#39;</pre></td>
        </tr>
      
        <tr>
          <td>wsgi.url_scheme</td>
          <td class="code"><pre>&#39;http&#39;</pre></td>
        </tr>
      
        <tr>
          <td>LANG</td>
          <td class="code"><pre>&#39;en_AU.UTF-8&#39;</pre></td>
        </tr>
      
        <tr>
          <td>wsgi.version</td>
          <td class="code"><pre>(1, 0)</pre></td>
        </tr>
      
        <tr>
          <td>DESKTOP_SESSION</td>
          <td class="code"><pre>&#39;pantheon&#39;</pre></td>
        </tr>
      
        <tr>
          <td>SSH_AGENT_PID</td>
          <td class="code"><pre>&#39;2376&#39;</pre></td>
        </tr>
      
        <tr>
          <td>LS_COLORS</td>
          <td class="code"><pre>&#39;rs=0:di=01;34:ln=01;36:mh=00:pi=40;33:so=01;35:do=01;35:bd=40;33;01:cd=40;33;01:or=40;31;01:su=37;41:sg=30;43:ca=30;41:tw=30;42:ow=34;42:st=37;44:ex=01;32:*.tar=01;31:*.tgz=01;31:*.arj=01;31:*.taz=01;31:*.lzh=01;31:*.lzma=01;31:*.tlz=01;31:*.txz=01;31:*.zip=01;31:*.z=01;31:*.Z=01;31:*.dz=01;31:*.gz=01;31:*.lz=01;31:*.xz=01;31:*.bz2=01;31:*.bz=01;31:*.tbz=01;31:*.tbz2=01;31:*.tz=01;31:*.deb=01;31:*.rpm=01;31:*.jar=01;31:*.war=01;31:*.ear=01;31:*.sar=01;31:*.rar=01;31:*.ace=01;31:*.zoo=01;31:*.cpio=01;31:*.7z=01;31:*.rz=01;31:*.jpg=01;35:*.jpeg=01;35:*.gif=01;35:*.bmp=01;35:*.pbm=01;35:*.pgm=01;35:*.ppm=01;35:*.tga=01;35:*.xbm=01;35:*.xpm=01;35:*.tif=01;35:*.tiff=01;35:*.png=01;35:*.svg=01;35:*.svgz=01;35:*.mng=01;35:*.pcx=01;35:*.mov=01;35:*.mpg=01;35:*.mpeg=01;35:*.m2v=01;35:*.mkv=01;35:*.webm=01;35:*.ogm=01;35:*.mp4=01;35:*.m4v=01;35:*.mp4v=01;35:*.vob=01;35:*.qt=01;35:*.nuv=01;35:*.wmv=01;35:*.asf=01;35:*.rm=01;35:*.rmvb=01;35:*.flc=01;35:*.avi=01;35:*.fli=01;35:*.flv=01;35:*.gl=01;35:*.dl=01;35:*.xcf=01;35:*.xwd=01;35:*.yuv=01;35:*.cgm=01;35:*.emf=01;35:*.axv=01;35:*.anx=01;35:*.ogv=01;35:*.ogx=01;35:*.aac=00;36:*.au=00;36:*.flac=00;36:*.mid=00;36:*.midi=00;36:*.mka=00;36:*.mp3=00;36:*.mpc=00;36:*.ogg=00;36:*.ra=00;36:*.wav=00;36:*.axa=00;36:*.oga=00;36:*.spx=00;36:*.xspf=00;36:&#39;</pre></td>
        </tr>
      
        <tr>
          <td>XDG_MENU_PREFIX</td>
          <td class="code"><pre>&#39;gnome-&#39;</pre></td>
        </tr>
      
        <tr>
          <td>GDM_LANG</td>
          <td class="code"><pre>&#39;en_AU&#39;</pre></td>
        </tr>
      
        <tr>
          <td>XAUTHORITY</td>
          <td class="code"><pre>&#39;/home/andy/.Xauthority&#39;</pre></td>
        </tr>
      
        <tr>
          <td>REQUEST_METHOD</td>
          <td class="code"><pre>&#39;GET&#39;</pre></td>
        </tr>
      
        <tr>
          <td>QT4_IM_MODULE</td>
          <td class="code"><pre>&#39;xim&#39;</pre></td>
        </tr>
      
        <tr>
          <td>XDG_SESSION_PATH</td>
          <td class="code"><pre>&#39;/org/freedesktop/DisplayManager/Session0&#39;</pre></td>
        </tr>
      
        <tr>
          <td>LC_PAPER</td>
          <td class="code"><pre>&#39;en_US.UTF-8&#39;</pre></td>
        </tr>
      
        <tr>
          <td>QT_IM_MODULE</td>
          <td class="code"><pre>&#39;ibus&#39;</pre></td>
        </tr>
      
        <tr>
          <td>wsgi.input</td>
          <td class="code"><pre>&lt;_io.BufferedReader name=7&gt;</pre></td>
        </tr>
      
        <tr>
          <td>PAPERSIZE</td>
          <td class="code"><pre>&#39;letter&#39;</pre></td>
        </tr>
      
        <tr>
          <td>PATH_INFO</td>
          <td class="code"><pre>&#39;/admin/hostel/extuser/add2/change/&#39;</pre></td>
        </tr>
      
        <tr>
          <td>DBUS_SESSION_BUS_ADDRESS</td>
          <td class="code"><pre>&#39;unix:abstract=/tmp/dbus-50yt6fsIDS,guid=7b69af3e69781c4ada00cf985728374d&#39;</pre></td>
        </tr>
      
        <tr>
          <td>HTTP_ACCEPT_LANGUAGE</td>
          <td class="code"><pre>&#39;uk,ru;q=0.8,en-GB;q=0.6,en;q=0.4,en-US;q=0.2&#39;</pre></td>
        </tr>
      
        <tr>
          <td>PANTHEON_TERMINAL_ID</td>
          <td class="code"><pre>&#39;6&#39;</pre></td>
        </tr>
      
        <tr>
          <td>GTK_IM_MODULE</td>
          <td class="code"><pre>&#39;ibus&#39;</pre></td>
        </tr>
      
        <tr>
          <td>HTTP_ACCEPT</td>
          <td class="code"><pre>&#39;text/html,application/xhtml+xml,application/xml;q=0.9,image/webp,*/*;q=0.8&#39;</pre></td>
        </tr>
      
        <tr>
          <td>GTK_MODULES</td>
          <td class="code"><pre>&#39;pantheon-filechooser-module&#39;</pre></td>
        </tr>
      
        <tr>
          <td>wsgi.multithread</td>
          <td class="code"><pre>True</pre></td>
        </tr>
      
        <tr>
          <td>CONTENT_TYPE</td>
          <td class="code"><pre>&#39;text/plain&#39;</pre></td>
        </tr>
      
        <tr>
          <td>LC_IDENTIFICATION</td>
          <td class="code"><pre>&#39;en_US.UTF-8&#39;</pre></td>
        </tr>
      
        <tr>
          <td>SERVER_PORT</td>
          <td class="code"><pre>&#39;8000&#39;</pre></td>
        </tr>
      
        <tr>
          <td>RUN_MAIN</td>
          <td class="code"><pre>&#39;true&#39;</pre></td>
        </tr>
      
        <tr>
          <td>SHELL</td>
          <td class="code"><pre>&#39;/bin/bash&#39;</pre></td>
        </tr>
      
        <tr>
          <td>HTTP_CONNECTION</td>
          <td class="code"><pre>&#39;keep-alive&#39;</pre></td>
        </tr>
      
        <tr>
          <td>NODE_PATH</td>
          <td class="code"><pre>&#39;/usr/lib/nodejs:/usr/lib/node_modules:/usr/share/javascript&#39;</pre></td>
        </tr>
      
        <tr>
          <td>HOME</td>
          <td class="code"><pre>&#39;/home/andy&#39;</pre></td>
        </tr>
      
        <tr>
          <td>CLUTTER_IM_MODULE</td>
          <td class="code"><pre>&#39;xim&#39;</pre></td>
        </tr>
      
        <tr>
          <td>USER</td>
          <td class="code"><pre>&#39;andy&#39;</pre></td>
        </tr>
      
        <tr>
          <td>PWD</td>
          <td class="code"><pre>&#39;/var/www/hostel.te.ua/hostelmanager&#39;</pre></td>
        </tr>
      
        <tr>
          <td>DEFAULTS_PATH</td>
          <td class="code"><pre>&#39;/usr/share/gconf/pantheon.default.path&#39;</pre></td>
        </tr>
      
        <tr>
          <td>TEXTDOMAINDIR</td>
          <td class="code"><pre>&#39;/usr/share/locale/&#39;</pre></td>
        </tr>
      
        <tr>
          <td>HTTP_ACCEPT_ENCODING</td>
          <td class="code"><pre>&#39;gzip, deflate, sdch&#39;</pre></td>
        </tr>
      
        <tr>
          <td>LC_NUMERIC</td>
          <td class="code"><pre>&#39;en_US.UTF-8&#39;</pre></td>
        </tr>
      
        <tr>
          <td>LC_MONETARY</td>
          <td class="code"><pre>&#39;en_US.UTF-8&#39;</pre></td>
        </tr>
      
        <tr>
          <td>GDMSESSION</td>
          <td class="code"><pre>&#39;pantheon&#39;</pre></td>
        </tr>
      
        <tr>
          <td>LANGUAGE</td>
          <td class="code"><pre>&#39;en_AU&#39;</pre></td>
        </tr>
      
        <tr>
          <td>OLDPWD</td>
          <td class="code"><pre>&#39;/var/www/hostel.te.ua&#39;</pre></td>
        </tr>
      
        <tr>
          <td>LC_ADDRESS</td>
          <td class="code"><pre>&#39;en_US.UTF-8&#39;</pre></td>
        </tr>
      
        <tr>
          <td>LESSOPEN</td>
          <td class="code"><pre>&#39;| /usr/bin/lesspipe %s&#39;</pre></td>
        </tr>
      
        <tr>
          <td>VIRTUAL_ENV</td>
          <td class="code"><pre>&#39;/var/www/hostel.te.ua/env&#39;</pre></td>
        </tr>
      
        <tr>
          <td>SERVER_PROTOCOL</td>
          <td class="code"><pre>&#39;HTTP/1.1&#39;</pre></td>
        </tr>
      
        <tr>
          <td>LC_TIME</td>
          <td class="code"><pre>&#39;en_US.UTF-8&#39;</pre></td>
        </tr>
      
        <tr>
          <td>HTTP_CACHE_CONTROL</td>
          <td class="code"><pre>&#39;no-cache&#39;</pre></td>
        </tr>
      
        <tr>
          <td>XDG_SEAT_PATH</td>
          <td class="code"><pre>&#39;/org/freedesktop/DisplayManager/Seat0&#39;</pre></td>
        </tr>
      
        <tr>
          <td>XDG_CURRENT_DESKTOP</td>
          <td class="code"><pre>&#39;Pantheon&#39;</pre></td>
        </tr>
      
        <tr>
          <td>_</td>
          <td class="code"><pre>&#39;/var/www/hostel.te.ua/env/bin/python3&#39;</pre></td>
        </tr>
      
        <tr>
          <td>GIO_LAUNCHED_DESKTOP_FILE_PID</td>
          <td class="code"><pre>&#39;2463&#39;</pre></td>
        </tr>
      
    </tbody>
  </table>


  <h3 id="settings-info">Settings</h3>
  <h4>Using settings module <code>hostelmanager.settings</code></h4>
  <table class="req">
    <thead>
      <tr>
        <th>Setting</th>
        <th>Value</th>
      </tr>
    </thead>
    <tbody>
      
        <tr>
          <td>SECURE_SSL_REDIRECT</td>
          <td class="code"><pre>False</pre></td>
        </tr>
      
        <tr>
          <td>USE_L10N</td>
          <td class="code"><pre>True</pre></td>
        </tr>
      
        <tr>
          <td>DEBUG_PROPAGATE_EXCEPTIONS</td>
          <td class="code"><pre>False</pre></td>
        </tr>
      
        <tr>
          <td>TEMPLATE_DIRS</td>
          <td class="code"><pre>[]</pre></td>
        </tr>
      
        <tr>
          <td>PREPEND_WWW</td>
          <td class="code"><pre>False</pre></td>
        </tr>
      
        <tr>
          <td>SECURE_SSL_HOST</td>
          <td class="code"><pre>None</pre></td>
        </tr>
      
        <tr>
          <td>LOGIN_URL</td>
          <td class="code"><pre>&#39;/accounts/login/&#39;</pre></td>
        </tr>
      
        <tr>
          <td>USE_ETAGS</td>
          <td class="code"><pre>False</pre></td>
        </tr>
      
        <tr>
          <td>ACCOUNT_USERNAME_REQUIRED</td>
          <td class="code"><pre>False</pre></td>
        </tr>
      
        <tr>
          <td>SESSION_SERIALIZER</td>
          <td class="code"><pre>&#39;django.contrib.sessions.serializers.JSONSerializer&#39;</pre></td>
        </tr>
      
        <tr>
          <td>ALLOWED_HOSTS</td>
          <td class="code"><pre>[]</pre></td>
        </tr>
      
        <tr>
          <td>SESSION_FILE_PATH</td>
          <td class="code"><pre>None</pre></td>
        </tr>
      
        <tr>
          <td>DATETIME_INPUT_FORMATS</td>
          <td class="code"><pre>[&#39;%Y-%m-%d %H:%M:%S&#39;,
 &#39;%Y-%m-%d %H:%M:%S.%f&#39;,
 &#39;%Y-%m-%d %H:%M&#39;,
 &#39;%Y-%m-%d&#39;,
 &#39;%m/%d/%Y %H:%M:%S&#39;,
 &#39;%m/%d/%Y %H:%M:%S.%f&#39;,
 &#39;%m/%d/%Y %H:%M&#39;,
 &#39;%m/%d/%Y&#39;,
 &#39;%m/%d/%y %H:%M:%S&#39;,
 &#39;%m/%d/%y %H:%M:%S.%f&#39;,
 &#39;%m/%d/%y %H:%M&#39;,
 &#39;%m/%d/%y&#39;]</pre></td>
        </tr>
      
        <tr>
          <td>CACHES</td>
          <td class="code"><pre>{&#39;default&#39;: {&#39;BACKEND&#39;: &#39;django.core.cache.backends.locmem.LocMemCache&#39;}}</pre></td>
        </tr>
      
        <tr>
          <td>IGNORABLE_404_URLS</td>
          <td class="code"><pre>[]</pre></td>
        </tr>
      
        <tr>
          <td>CSRF_FAILURE_VIEW</td>
          <td class="code"><pre>&#39;django.views.csrf.csrf_failure&#39;</pre></td>
        </tr>
      
        <tr>
          <td>SESSION_COOKIE_SECURE</td>
          <td class="code"><pre>False</pre></td>
        </tr>
      
        <tr>
          <td>MEDIA_URL</td>
          <td class="code"><pre>&#39;&#39;</pre></td>
        </tr>
      
        <tr>
          <td>MIGRATION_MODULES</td>
          <td class="code"><pre>{}</pre></td>
        </tr>
      
        <tr>
          <td>LOGOUT_URL</td>
          <td class="code"><pre>&#39;/accounts/logout/&#39;</pre></td>
        </tr>
      
        <tr>
          <td>MANAGERS</td>
          <td class="code"><pre>[]</pre></td>
        </tr>
      
        <tr>
          <td>ACCOUNT_USER_MODEL_USERNAME_FIELD</td>
          <td class="code"><pre>None</pre></td>
        </tr>
      
        <tr>
          <td>SECURE_PROXY_SSL_HEADER</td>
          <td class="code"><pre>None</pre></td>
        </tr>
      
        <tr>
          <td>ROOT_URLCONF</td>
          <td class="code"><pre>&#39;hostelmanager.urls&#39;</pre></td>
        </tr>
      
        <tr>
          <td>SERVER_EMAIL</td>
          <td class="code"><pre>&#39;root@localhost&#39;</pre></td>
        </tr>
      
        <tr>
          <td>CACHE_MIDDLEWARE_SECONDS</td>
          <td class="code"><pre>600</pre></td>
        </tr>
      
        <tr>
          <td>LANGUAGES</td>
          <td class="code"><pre>[(&#39;af&#39;, &#39;Afrikaans&#39;),
 (&#39;ar&#39;, &#39;Arabic&#39;),
 (&#39;ast&#39;, &#39;Asturian&#39;),
 (&#39;az&#39;, &#39;Azerbaijani&#39;),
 (&#39;bg&#39;, &#39;Bulgarian&#39;),
 (&#39;be&#39;, &#39;Belarusian&#39;),
 (&#39;bn&#39;, &#39;Bengali&#39;),
 (&#39;br&#39;, &#39;Breton&#39;),
 (&#39;bs&#39;, &#39;Bosnian&#39;),
 (&#39;ca&#39;, &#39;Catalan&#39;),
 (&#39;cs&#39;, &#39;Czech&#39;),
 (&#39;cy&#39;, &#39;Welsh&#39;),
 (&#39;da&#39;, &#39;Danish&#39;),
 (&#39;de&#39;, &#39;German&#39;),
 (&#39;el&#39;, &#39;Greek&#39;),
 (&#39;en&#39;, &#39;English&#39;),
 (&#39;en-au&#39;, &#39;Australian English&#39;),
 (&#39;en-gb&#39;, &#39;British English&#39;),
 (&#39;eo&#39;, &#39;Esperanto&#39;),
 (&#39;es&#39;, &#39;Spanish&#39;),
 (&#39;es-ar&#39;, &#39;Argentinian Spanish&#39;),
 (&#39;es-co&#39;, &#39;Colombian Spanish&#39;),
 (&#39;es-mx&#39;, &#39;Mexican Spanish&#39;),
 (&#39;es-ni&#39;, &#39;Nicaraguan Spanish&#39;),
 (&#39;es-ve&#39;, &#39;Venezuelan Spanish&#39;),
 (&#39;et&#39;, &#39;Estonian&#39;),
 (&#39;eu&#39;, &#39;Basque&#39;),
 (&#39;fa&#39;, &#39;Persian&#39;),
 (&#39;fi&#39;, &#39;Finnish&#39;),
 (&#39;fr&#39;, &#39;French&#39;),
 (&#39;fy&#39;, &#39;Frisian&#39;),
 (&#39;ga&#39;, &#39;Irish&#39;),
 (&#39;gd&#39;, &#39;Scottish Gaelic&#39;),
 (&#39;gl&#39;, &#39;Galician&#39;),
 (&#39;he&#39;, &#39;Hebrew&#39;),
 (&#39;hi&#39;, &#39;Hindi&#39;),
 (&#39;hr&#39;, &#39;Croatian&#39;),
 (&#39;hu&#39;, &#39;Hungarian&#39;),
 (&#39;ia&#39;, &#39;Interlingua&#39;),
 (&#39;id&#39;, &#39;Indonesian&#39;),
 (&#39;io&#39;, &#39;Ido&#39;),
 (&#39;is&#39;, &#39;Icelandic&#39;),
 (&#39;it&#39;, &#39;Italian&#39;),
 (&#39;ja&#39;, &#39;Japanese&#39;),
 (&#39;ka&#39;, &#39;Georgian&#39;),
 (&#39;kk&#39;, &#39;Kazakh&#39;),
 (&#39;km&#39;, &#39;Khmer&#39;),
 (&#39;kn&#39;, &#39;Kannada&#39;),
 (&#39;ko&#39;, &#39;Korean&#39;),
 (&#39;lb&#39;, &#39;Luxembourgish&#39;),
 (&#39;lt&#39;, &#39;Lithuanian&#39;),
 (&#39;lv&#39;, &#39;Latvian&#39;),
 (&#39;mk&#39;, &#39;Macedonian&#39;),
 (&#39;ml&#39;, &#39;Malayalam&#39;),
 (&#39;mn&#39;, &#39;Mongolian&#39;),
 (&#39;mr&#39;, &#39;Marathi&#39;),
 (&#39;my&#39;, &#39;Burmese&#39;),
 (&#39;nb&#39;, &#39;Norwegian Bokmal&#39;),
 (&#39;ne&#39;, &#39;Nepali&#39;),
 (&#39;nl&#39;, &#39;Dutch&#39;),
 (&#39;nn&#39;, &#39;Norwegian Nynorsk&#39;),
 (&#39;os&#39;, &#39;Ossetic&#39;),
 (&#39;pa&#39;, &#39;Punjabi&#39;),
 (&#39;pl&#39;, &#39;Polish&#39;),
 (&#39;pt&#39;, &#39;Portuguese&#39;),
 (&#39;pt-br&#39;, &#39;Brazilian Portuguese&#39;),
 (&#39;ro&#39;, &#39;Romanian&#39;),
 (&#39;ru&#39;, &#39;Russian&#39;),
 (&#39;sk&#39;, &#39;Slovak&#39;),
 (&#39;sl&#39;, &#39;Slovenian&#39;),
 (&#39;sq&#39;, &#39;Albanian&#39;),
 (&#39;sr&#39;, &#39;Serbian&#39;),
 (&#39;sr-latn&#39;, &#39;Serbian Latin&#39;),
 (&#39;sv&#39;, &#39;Swedish&#39;),
 (&#39;sw&#39;, &#39;Swahili&#39;),
 (&#39;ta&#39;, &#39;Tamil&#39;),
 (&#39;te&#39;, &#39;Telugu&#39;),
 (&#39;th&#39;, &#39;Thai&#39;),
 (&#39;tr&#39;, &#39;Turkish&#39;),
 (&#39;tt&#39;, &#39;Tatar&#39;),
 (&#39;udm&#39;, &#39;Udmurt&#39;),
 (&#39;uk&#39;, &#39;Ukrainian&#39;),
 (&#39;ur&#39;, &#39;Urdu&#39;),
 (&#39;vi&#39;, &#39;Vietnamese&#39;),
 (&#39;zh-hans&#39;, &#39;Simplified Chinese&#39;),
 (&#39;zh-hant&#39;, &#39;Traditional Chinese&#39;)]</pre></td>
        </tr>
      
        <tr>
          <td>CSRF_HEADER_NAME</td>
          <td class="code"><pre>&#39;HTTP_X_CSRFTOKEN&#39;</pre></td>
        </tr>
      
        <tr>
          <td>EMAIL_SUBJECT_PREFIX</td>
          <td class="code"><pre>&#39;[Django] &#39;</pre></td>
        </tr>
      
        <tr>
          <td>STATIC_URL</td>
          <td class="code"><pre>&#39;/static/&#39;</pre></td>
        </tr>
      
        <tr>
          <td>DATABASES</td>
          <td class="code"><pre>{&#39;default&#39;: {&#39;ATOMIC_REQUESTS&#39;: False,
             &#39;AUTOCOMMIT&#39;: True,
             &#39;CONN_MAX_AGE&#39;: 0,
             &#39;ENGINE&#39;: &#39;django.db.backends.mysql&#39;,
             &#39;HOST&#39;: &#39;localhost&#39;,
             &#39;NAME&#39;: &#39;hostel&#39;,
             &#39;OPTIONS&#39;: {},
             &#39;PASSWORD&#39;: &#39;********************&#39;,
             &#39;PORT&#39;: &#39;3306&#39;,
             &#39;TEST&#39;: {&#39;CHARSET&#39;: None,
                      &#39;COLLATION&#39;: None,
                      &#39;MIRROR&#39;: None,
                      &#39;NAME&#39;: None},
             &#39;TIME_ZONE&#39;: None,
             &#39;USER&#39;: &#39;root&#39;}}</pre></td>
        </tr>
      
        <tr>
          <td>CSRF_COOKIE_NAME</td>
          <td class="code"><pre>&#39;csrftoken&#39;</pre></td>
        </tr>
      
        <tr>
          <td>CSRF_TRUSTED_ORIGINS</td>
          <td class="code"><pre>[]</pre></td>
        </tr>
      
        <tr>
          <td>SECURE_HSTS_INCLUDE_SUBDOMAINS</td>
          <td class="code"><pre>False</pre></td>
        </tr>
      
        <tr>
          <td>FORMAT_MODULE_PATH</td>
          <td class="code"><pre>None</pre></td>
        </tr>
      
        <tr>
          <td>GEOPOSITION_MARKER_OPTIONS</td>
          <td class="code"><pre>{}</pre></td>
        </tr>
      
        <tr>
          <td>SESSION_ENGINE</td>
          <td class="code"><pre>&#39;django.contrib.sessions.backends.db&#39;</pre></td>
        </tr>
      
        <tr>
          <td>MIDDLEWARE_CLASSES</td>
          <td class="code"><pre>[&#39;django.middleware.security.SecurityMiddleware&#39;,
 &#39;django.contrib.sessions.middleware.SessionMiddleware&#39;,
 &#39;django.middleware.common.CommonMiddleware&#39;,
 &#39;django.middleware.csrf.CsrfViewMiddleware&#39;,
 &#39;django.contrib.auth.middleware.AuthenticationMiddleware&#39;,
 &#39;django.contrib.auth.middleware.SessionAuthenticationMiddleware&#39;,
 &#39;django.contrib.messages.middleware.MessageMiddleware&#39;,
 &#39;django.middleware.clickjacking.XFrameOptionsMiddleware&#39;,
 &#39;django.middleware.common.BrokenLinkEmailsMiddleware&#39;]</pre></td>
        </tr>
      
        <tr>
          <td>LOGGING</td>
          <td class="code"><pre>{&#39;disable_existing_loggers&#39;: False,
 &#39;filters&#39;: {&#39;require_debug_false&#39;: {&#39;()&#39;: &#39;django.utils.log.RequireDebugFalse&#39;}},
 &#39;formatters&#39;: {&#39;simple&#39;: {&#39;format&#39;: &#39;%(levelname)s %(message)s&#39;},
                &#39;verbose&#39;: {&#39;datefmt&#39;: &#39;%d/%b/%Y %H:%M:%S&#39;,
                            &#39;format&#39;: &#39;[%(asctime)s] %(levelname)s &#39;
                                      &#39;[%(name)s:%(lineno)s] %(message)s&#39;}},
 &#39;handlers&#39;: {&#39;file&#39;: {&#39;class&#39;: &#39;logging.FileHandler&#39;,
                       &#39;filename&#39;: &#39;/var/www/hostel.te.ua/hostelmanager/debug.log&#39;,
                       &#39;formatter&#39;: &#39;verbose&#39;,
                       &#39;level&#39;: &#39;WARNING&#39;},
              &#39;mail_admins&#39;: {&#39;class&#39;: &#39;django.utils.log.AdminEmailHandler&#39;,
                              &#39;include_html&#39;: True,
                              &#39;level&#39;: &#39;WARNING&#39;}},
 &#39;loggers&#39;: {&#39;django&#39;: {&#39;handlers&#39;: [&#39;file&#39;],
                        &#39;level&#39;: &#39;DEBUG&#39;,
                        &#39;propagate&#39;: True},
             &#39;django.request&#39;: {&#39;handlers&#39;: [&#39;mail_admins&#39;],
                                &#39;level&#39;: &#39;WARNING&#39;,
                                &#39;propagate&#39;: False}},
 &#39;version&#39;: 1}</pre></td>
        </tr>
      
        <tr>
          <td>SESSION_SAVE_EVERY_REQUEST</td>
          <td class="code"><pre>True</pre></td>
        </tr>
      
        <tr>
          <td>FILE_UPLOAD_TEMP_DIR</td>
          <td class="code"><pre>None</pre></td>
        </tr>
      
        <tr>
          <td>SHORT_DATETIME_FORMAT</td>
          <td class="code"><pre>&#39;m/d/Y P&#39;</pre></td>
        </tr>
      
        <tr>
          <td>EMAIL_HOST</td>
          <td class="code"><pre>&#39;localhost&#39;</pre></td>
        </tr>
      
        <tr>
          <td>TEMPLATE_LOADERS</td>
          <td class="code"><pre>[&#39;django.template.loaders.filesystem.Loader&#39;,
 &#39;django.template.loaders.app_directories.Loader&#39;]</pre></td>
        </tr>
      
        <tr>
          <td>TIME_FORMAT</td>
          <td class="code"><pre>&#39;P&#39;</pre></td>
        </tr>
      
        <tr>
          <td>DEFAULT_EXCEPTION_REPORTER_FILTER</td>
          <td class="code"><pre>&#39;django.views.debug.SafeExceptionReporterFilter&#39;</pre></td>
        </tr>
      
        <tr>
          <td>STATIC_ROOT</td>
          <td class="code"><pre>None</pre></td>
        </tr>
      
        <tr>
          <td>EMAIL_TIMEOUT</td>
          <td class="code"><pre>None</pre></td>
        </tr>
      
        <tr>
          <td>CACHE_MIDDLEWARE_ALIAS</td>
          <td class="code"><pre>&#39;default&#39;</pre></td>
        </tr>
      
        <tr>
          <td>THOUSAND_SEPARATOR</td>
          <td class="code"><pre>&#39;,&#39;</pre></td>
        </tr>
      
        <tr>
          <td>SESSION_COOKIE_DOMAIN</td>
          <td class="code"><pre>None</pre></td>
        </tr>
      
        <tr>
          <td>SECURE_REDIRECT_EXEMPT</td>
          <td class="code"><pre>[]</pre></td>
        </tr>
      
        <tr>
          <td>CSRF_COOKIE_AGE</td>
          <td class="code"><pre>31449600</pre></td>
        </tr>
      
        <tr>
          <td>SETTINGS_MODULE</td>
          <td class="code"><pre>&#39;hostelmanager.settings&#39;</pre></td>
        </tr>
      
        <tr>
          <td>TIME_INPUT_FORMATS</td>
          <td class="code"><pre>[&#39;%H:%M:%S&#39;, &#39;%H:%M:%S.%f&#39;, &#39;%H:%M&#39;]</pre></td>
        </tr>
      
        <tr>
          <td>ABSOLUTE_URL_OVERRIDES</td>
          <td class="code"><pre>{}</pre></td>
        </tr>
      
        <tr>
          <td>INTERNAL_IPS</td>
          <td class="code"><pre>[]</pre></td>
        </tr>
      
        <tr>
          <td>PASSWORD_RESET_TIMEOUT_DAYS</td>
          <td class="code"><pre>&#39;********************&#39;</pre></td>
        </tr>
      
        <tr>
          <td>LOGGING_CONFIG</td>
          <td class="code"><pre>&#39;logging.config.dictConfig&#39;</pre></td>
        </tr>
      
        <tr>
          <td>FILE_UPLOAD_PERMISSIONS</td>
          <td class="code"><pre>None</pre></td>
        </tr>
      
        <tr>
          <td>DISALLOWED_USER_AGENTS</td>
          <td class="code"><pre>[]</pre></td>
        </tr>
      
        <tr>
          <td>STATICFILES_STORAGE</td>
          <td class="code"><pre>&#39;django.contrib.staticfiles.storage.StaticFilesStorage&#39;</pre></td>
        </tr>
      
        <tr>
          <td>SILENCED_SYSTEM_CHECKS</td>
          <td class="code"><pre>[]</pre></td>
        </tr>
      
        <tr>
          <td>USE_I18N</td>
          <td class="code"><pre>True</pre></td>
        </tr>
      
        <tr>
          <td>REST_FRAMEWORK</td>
          <td class="code"><pre>{&#39;DEFAULT_AUTHENTICATION_CLASSES&#39;: (&#39;rest_framework.authentication.SessionAuthentication&#39;,
                                    &#39;rest_framework.authentication.TokenAuthentication&#39;)}</pre></td>
        </tr>
      
        <tr>
          <td>PASSWORD_HASHERS</td>
          <td class="code"><pre>&#39;********************&#39;</pre></td>
        </tr>
      
        <tr>
          <td>DEFAULT_TABLESPACE</td>
          <td class="code"><pre>&#39;&#39;</pre></td>
        </tr>
      
        <tr>
          <td>CRON_CLASSES</td>
          <td class="code"><pre>[&#39;hostel.cronjobs.UnpaymentOrder&#39;, &#39;hostel.cronjobs.DailyTimeTable&#39;]</pre></td>
        </tr>
      
        <tr>
          <td>STATICFILES_DIRS</td>
          <td class="code"><pre>(&#39;/var/www/hostel.te.ua/hostelmanager/static&#39;,
 &#39;/var/www/hostel.te.ua/hostelmanager/static/&#39;,
 &#39;/var/www/hostel.te.ua/hostelmanager/front/&#39;,
 (&#39;image&#39;, &#39;/var/www/hostel.te.ua/hostelmanager/media/mainimage/&#39;),
 (&#39;pictures&#39;, &#39;/var/www/hostel.te.ua/hostelmanager/media/roomimage/&#39;))</pre></td>
        </tr>
      
        <tr>
          <td>X_FRAME_OPTIONS</td>
          <td class="code"><pre>&#39;SAMEORIGIN&#39;</pre></td>
        </tr>
      
        <tr>
          <td>DATE_INPUT_FORMATS</td>
          <td class="code"><pre>[&#39;%Y-%m-%d&#39;,
 &#39;%m/%d/%Y&#39;,
 &#39;%m/%d/%y&#39;,
 &#39;%b %d %Y&#39;,
 &#39;%b %d, %Y&#39;,
 &#39;%d %b %Y&#39;,
 &#39;%d %b, %Y&#39;,
 &#39;%B %d %Y&#39;,
 &#39;%B %d, %Y&#39;,
 &#39;%d %B %Y&#39;,
 &#39;%d %B, %Y&#39;]</pre></td>
        </tr>
      
        <tr>
          <td>ACCOUNT_EMAIL_VERIFICATION</td>
          <td class="code"><pre>&#39;optional&#39;</pre></td>
        </tr>
      
        <tr>
          <td>EMAIL_PORT</td>
          <td class="code"><pre>25</pre></td>
        </tr>
      
        <tr>
          <td>LANGUAGES_BIDI</td>
          <td class="code"><pre>[&#39;he&#39;, &#39;ar&#39;, &#39;fa&#39;, &#39;ur&#39;]</pre></td>
        </tr>
      
        <tr>
          <td>FILE_UPLOAD_HANDLERS</td>
          <td class="code"><pre>[&#39;django.core.files.uploadhandler.MemoryFileUploadHandler&#39;,
 &#39;django.core.files.uploadhandler.TemporaryFileUploadHandler&#39;]</pre></td>
        </tr>
      
        <tr>
          <td>SECURE_CONTENT_TYPE_NOSNIFF</td>
          <td class="code"><pre>False</pre></td>
        </tr>
      
        <tr>
          <td>FIXTURE_DIRS</td>
          <td class="code"><pre>[]</pre></td>
        </tr>
      
        <tr>
          <td>GEOPOSITION_MAP_WIDGET_HEIGHT</td>
          <td class="code"><pre>240</pre></td>
        </tr>
      
        <tr>
          <td>ACCOUNT_EMAIL_REQUIRED</td>
          <td class="code"><pre>True</pre></td>
        </tr>
      
        <tr>
          <td>BASE_DIR</td>
          <td class="code"><pre>&#39;/var/www/hostel.te.ua/hostelmanager&#39;</pre></td>
        </tr>
      
        <tr>
          <td>EMAIL_SSL_KEYFILE</td>
          <td class="code"><pre>&#39;********************&#39;</pre></td>
        </tr>
      
        <tr>
          <td>EMAIL_USE_TLS</td>
          <td class="code"><pre>False</pre></td>
        </tr>
      
        <tr>
          <td>AUTH_USER_MODEL</td>
          <td class="code"><pre>&#39;hostel.ExtUser&#39;</pre></td>
        </tr>
      
        <tr>
          <td>TEMPLATE_CONTEXT_PROCESSORS</td>
          <td class="code"><pre>[&#39;django.contrib.auth.context_processors.auth&#39;,
 &#39;django.template.context_processors.debug&#39;,
 &#39;django.template.context_processors.i18n&#39;,
 &#39;django.template.context_processors.media&#39;,
 &#39;django.template.context_processors.static&#39;,
 &#39;django.template.context_processors.tz&#39;,
 &#39;django.contrib.messages.context_processors.messages&#39;]</pre></td>
        </tr>
      
        <tr>
          <td>SESSION_COOKIE_HTTPONLY</td>
          <td class="code"><pre>True</pre></td>
        </tr>
      
        <tr>
          <td>DEFAULT_FROM_EMAIL</td>
          <td class="code"><pre>&#39;webmaster@localhost&#39;</pre></td>
        </tr>
      
        <tr>
          <td>FILE_UPLOAD_DIRECTORY_PERMISSIONS</td>
          <td class="code"><pre>None</pre></td>
        </tr>
      
        <tr>
          <td>FILE_UPLOAD_MAX_MEMORY_SIZE</td>
          <td class="code"><pre>2621440</pre></td>
        </tr>
      
        <tr>
          <td>EMAIL_HOST_USER</td>
          <td class="code"><pre>&#39;&#39;</pre></td>
        </tr>
      
        <tr>
          <td>MEDIA_ROOT</td>
          <td class="code"><pre>&#39;/var/www/hostel.te.ua/hostelmanager/media/roomimage/&#39;</pre></td>
        </tr>
      
        <tr>
          <td>CSRF_COOKIE_DOMAIN</td>
          <td class="code"><pre>None</pre></td>
        </tr>
      
        <tr>
          <td>FORCE_SCRIPT_NAME</td>
          <td class="code"><pre>None</pre></td>
        </tr>
      
        <tr>
          <td>REST_SESSION_LOGIN</td>
          <td class="code"><pre>True</pre></td>
        </tr>
      
        <tr>
          <td>EMAIL_BACKEND</td>
          <td class="code"><pre>&#39;django.core.mail.backends.filebased.EmailBackend&#39;</pre></td>
        </tr>
      
        <tr>
          <td>FIRST_DAY_OF_WEEK</td>
          <td class="code"><pre>0</pre></td>
        </tr>
      
        <tr>
          <td>SESSION_COOKIE_PATH</td>
          <td class="code"><pre>&#39;/&#39;</pre></td>
        </tr>
      
        <tr>
          <td>USE_X_FORWARDED_HOST</td>
          <td class="code"><pre>False</pre></td>
        </tr>
      
        <tr>
          <td>CSRF_COOKIE_PATH</td>
          <td class="code"><pre>&#39;/&#39;</pre></td>
        </tr>
      
        <tr>
          <td>CSRF_COOKIE_HTTPONLY</td>
          <td class="code"><pre>False</pre></td>
        </tr>
      
        <tr>
          <td>USE_THOUSAND_SEPARATOR</td>
          <td class="code"><pre>False</pre></td>
        </tr>
      
        <tr>
          <td>SECRET_KEY</td>
          <td class="code"><pre>&#39;********************&#39;</pre></td>
        </tr>
      
        <tr>
          <td>ACCOUNT_AUTHENTICATION_METHOD</td>
          <td class="code"><pre>&#39;email&#39;</pre></td>
        </tr>
      
        <tr>
          <td>TEST_NON_SERIALIZED_APPS</td>
          <td class="code"><pre>[]</pre></td>
        </tr>
      
        <tr>
          <td>SHORT_DATE_FORMAT</td>
          <td class="code"><pre>&#39;m/d/Y&#39;</pre></td>
        </tr>
      
        <tr>
          <td>DATE_FORMAT</td>
          <td class="code"><pre>&#39;N j, Y&#39;</pre></td>
        </tr>
      
        <tr>
          <td>MONTH_DAY_FORMAT</td>
          <td class="code"><pre>&#39;F j&#39;</pre></td>
        </tr>
      
        <tr>
          <td>AUTHENTICATION_BACKENDS</td>
          <td class="code"><pre>(&#39;django.contrib.auth.backends.ModelBackend&#39;,
 &#39;allauth.account.auth_backends.AuthenticationBackend&#39;)</pre></td>
        </tr>
      
        <tr>
          <td>USE_TZ</td>
          <td class="code"><pre>True</pre></td>
        </tr>
      
        <tr>
          <td>MESSAGE_STORAGE</td>
          <td class="code"><pre>&#39;django.contrib.messages.storage.fallback.FallbackStorage&#39;</pre></td>
        </tr>
      
        <tr>
          <td>LANGUAGE_COOKIE_NAME</td>
          <td class="code"><pre>&#39;django_language&#39;</pre></td>
        </tr>
      
        <tr>
          <td>NUMBER_GROUPING</td>
          <td class="code"><pre>0</pre></td>
        </tr>
      
        <tr>
          <td>SIGNING_BACKEND</td>
          <td class="code"><pre>&#39;django.core.signing.TimestampSigner&#39;</pre></td>
        </tr>
      
        <tr>
          <td>SESSION_COOKIE_NAME</td>
          <td class="code"><pre>&#39;sessionid&#39;</pre></td>
        </tr>
      
        <tr>
          <td>TEMPLATE_STRING_IF_INVALID</td>
          <td class="code"><pre>&#39;&#39;</pre></td>
        </tr>
      
        <tr>
          <td>TEMPLATE_DEBUG</td>
          <td class="code"><pre>False</pre></td>
        </tr>
      
        <tr>
          <td>AUTH_PASSWORD_VALIDATORS</td>
          <td class="code"><pre>&#39;********************&#39;</pre></td>
        </tr>
      
        <tr>
          <td>USE_X_FORWARDED_PORT</td>
          <td class="code"><pre>False</pre></td>
        </tr>
      
        <tr>
          <td>SESSION_CACHE_ALIAS</td>
          <td class="code"><pre>&#39;default&#39;</pre></td>
        </tr>
      
        <tr>
          <td>CSRF_COOKIE_SECURE</td>
          <td class="code"><pre>False</pre></td>
        </tr>
      
        <tr>
          <td>LOCALE_PATHS</td>
          <td class="code"><pre>[]</pre></td>
        </tr>
      
        <tr>
          <td>ADMINS</td>
          <td class="code"><pre>[(&#39;Andy&#39;, &#39;andy.kovv@gmail.com&#39;), (&#39;Admin&#39;, &#39;admin@hostel.te.ua&#39;)]</pre></td>
        </tr>
      
        <tr>
          <td>DATABASE_ROUTERS</td>
          <td class="code"><pre>[]</pre></td>
        </tr>
      
        <tr>
          <td>DECIMAL_SEPARATOR</td>
          <td class="code"><pre>&#39;.&#39;</pre></td>
        </tr>
      
        <tr>
          <td>EMAIL_USE_SSL</td>
          <td class="code"><pre>False</pre></td>
        </tr>
      
        <tr>
          <td>TEST_RUNNER</td>
          <td class="code"><pre>&#39;django.test.runner.DiscoverRunner&#39;</pre></td>
        </tr>
      
        <tr>
          <td>WSGI_APPLICATION</td>
          <td class="code"><pre>&#39;hostelmanager.wsgi.application&#39;</pre></td>
        </tr>
      
        <tr>
          <td>DEFAULT_CHARSET</td>
          <td class="code"><pre>&#39;utf-8&#39;</pre></td>
        </tr>
      
        <tr>
          <td>LANGUAGE_COOKIE_PATH</td>
          <td class="code"><pre>&#39;/&#39;</pre></td>
        </tr>
      
        <tr>
          <td>SITE_ID</td>
          <td class="code"><pre>4</pre></td>
        </tr>
      
        <tr>
          <td>STATICFILES_FINDERS</td>
          <td class="code"><pre>[&#39;django.contrib.staticfiles.finders.FileSystemFinder&#39;,
 &#39;django.contrib.staticfiles.finders.AppDirectoriesFinder&#39;]</pre></td>
        </tr>
      
        <tr>
          <td>TIME_ZONE</td>
          <td class="code"><pre>&#39;UTC&#39;</pre></td>
        </tr>
      
        <tr>
          <td>YEAR_MONTH_FORMAT</td>
          <td class="code"><pre>&#39;F Y&#39;</pre></td>
        </tr>
      
        <tr>
          <td>DEBUG</td>
          <td class="code"><pre>True</pre></td>
        </tr>
      
        <tr>
          <td>LANGUAGE_CODE</td>
          <td class="code"><pre>&#39;en-us&#39;</pre></td>
        </tr>
      
        <tr>
          <td>FILE_CHARSET</td>
          <td class="code"><pre>&#39;utf-8&#39;</pre></td>
        </tr>
      
        <tr>
          <td>EMAIL_FILE_PATH</td>
          <td class="code"><pre>&#39;/var/www/hostel.te.ua/email_tmp&#39;</pre></td>
        </tr>
      
        <tr>
          <td>SECURE_BROWSER_XSS_FILTER</td>
          <td class="code"><pre>False</pre></td>
        </tr>
      
        <tr>
          <td>LANGUAGE_COOKIE_DOMAIN</td>
          <td class="code"><pre>None</pre></td>
        </tr>
      
        <tr>
          <td>ALLOWED_INCLUDE_ROOTS</td>
          <td class="code"><pre>[]</pre></td>
        </tr>
      
        <tr>
          <td>LANGUAGE_COOKIE_AGE</td>
          <td class="code"><pre>None</pre></td>
        </tr>
      
        <tr>
          <td>INSTALLED_APPS</td>
          <td class="code"><pre>[&#39;django.contrib.admin&#39;,
 &#39;django.contrib.auth&#39;,
 &#39;django.contrib.contenttypes&#39;,
 &#39;django.contrib.sessions&#39;,
 &#39;django.contrib.messages&#39;,
 &#39;django.contrib.staticfiles&#39;,
 &#39;django.contrib.sites&#39;,
 &#39;allauth&#39;,
 &#39;allauth.account&#39;,
 &#39;allauth.socialaccount&#39;,
 &#39;allauth.socialaccount.providers.google&#39;,
 &#39;allauth.socialaccount.providers.vk&#39;,
 &#39;allauth.socialaccount.providers.facebook&#39;,
 &#39;rest_framework&#39;,
 &#39;rest_framework.authtoken&#39;,
 &#39;hostel&#39;,
 &#39;geoposition&#39;,
 &#39;django_cron&#39;]</pre></td>
        </tr>
      
        <tr>
          <td>LOGIN_REDIRECT_URL</td>
          <td class="code"><pre>&#39;/&#39;</pre></td>
        </tr>
      
        <tr>
          <td>EMAIL_HOST_PASSWORD</td>
          <td class="code"><pre>&#39;********************&#39;</pre></td>
        </tr>
      
        <tr>
          <td>CACHE_MIDDLEWARE_KEY_PREFIX</td>
          <td class="code"><pre>&#39;********************&#39;</pre></td>
        </tr>
      
        <tr>
          <td>DEFAULT_INDEX_TABLESPACE</td>
          <td class="code"><pre>&#39;&#39;</pre></td>
        </tr>
      
        <tr>
          <td>DEFAULT_CONTENT_TYPE</td>
          <td class="code"><pre>&#39;text/html&#39;</pre></td>
        </tr>
      
        <tr>
          <td>EMAIL_SSL_CERTFILE</td>
          <td class="code"><pre>None</pre></td>
        </tr>
      
        <tr>
          <td>APPEND_SLASH</td>
          <td class="code"><pre>True</pre></td>
        </tr>
      
        <tr>
          <td>DATETIME_FORMAT</td>
          <td class="code"><pre>&#39;N j, Y, P&#39;</pre></td>
        </tr>
      
        <tr>
          <td>SESSION_COOKIE_AGE</td>
          <td class="code"><pre>1209600</pre></td>
        </tr>
      
        <tr>
          <td>SECURE_HSTS_SECONDS</td>
          <td class="code"><pre>0</pre></td>
        </tr>
      
        <tr>
          <td>TEMPLATES</td>
          <td class="code"><pre>[{&#39;APP_DIRS&#39;: True,
  &#39;BACKEND&#39;: &#39;django.template.backends.django.DjangoTemplates&#39;,
  &#39;DIRS&#39;: [&#39;/var/www/hostel.te.ua/hostelmanager/hostel/templates/&#39;,
           &#39;/var/www/hostel.te.ua/hostelmanager/hostel/templates/hostel/&#39;],
  &#39;OPTIONS&#39;: {&#39;context_processors&#39;: [&#39;django.template.context_processors.debug&#39;,
                                     &#39;django.template.context_processors.request&#39;,
                                     &#39;django.contrib.auth.context_processors.auth&#39;,
                                     &#39;django.contrib.messages.context_processors.messages&#39;]}}]</pre></td>
        </tr>
      
        <tr>
          <td>DEFAULT_FILE_STORAGE</td>
          <td class="code"><pre>&#39;django.core.files.storage.FileSystemStorage&#39;</pre></td>
        </tr>
      
        <tr>
          <td>GEOPOSITION_MAP_OPTIONS</td>
          <td class="code"><pre>{}</pre></td>
        </tr>
      
        <tr>
          <td>SESSION_EXPIRE_AT_BROWSER_CLOSE</td>
          <td class="code"><pre>False</pre></td>
        </tr>
      
    </tbody>
  </table>

</div>

</body>
</html>

--===============2525051121083939168==--

-------------------------------------------------------------------------------
