Content-Type: multipart/alternative;
 boundary="===============8694899810139041737=="
MIME-Version: 1.0
Subject: Daily Time Table
From: timetable_manager@hostel.te.ua
To: manager-room@hostel.te.ua
Date: Thu, 28 Apr 2016 20:08:02 -0000
Message-ID: <20160428200802.31740.10362@andy-linux>

--===============8694899810139041737==
MIME-Version: 1.0
Content-Type: text/plain; charset="utf-8"
Content-Transfer-Encoding: 7bit

text mess
--===============8694899810139041737==
Content-Type: text/html; charset="utf-8"
MIME-Version: 1.0
Content-Transfer-Encoding: 8bit

<body>
	<table>
		<tr>
		<td>#</td>
			<td>Номер кімнати</td>
				<td>Ім’я</td>
				<td>Прзівище</td>
			<td>По батькові</td>
		<td>Телефон</td>
		</tr>
		
		<tr>
		<td>1</td>
		<td>Room #1</td>
		<td>Andriy</td>
		<td>Olek</td>
		<td>Oleksandrovich</td>
		<td>111111111111</td>
		</tr>
		
		<tr>
		<td>2</td>
		<td>Room #1</td>
		<td>Andriy</td>
		<td>Olek</td>
		<td>Kovalovvvvvv</td>
		<td>111111111111</td>
		</tr>
		
	</table> <br>

	<table>
		<tr>
		<td>#</td>
			<td>Номер кімнати</td>
				<td>Ім’я</td>
				<td>Прзівище</td>
			<td>По батькові</td>
		<td>Телефон</td>
		</tr>
		
	</table>

</body>
--===============8694899810139041737==--

-------------------------------------------------------------------------------
