Content-Type: multipart/alternative;
 boundary="===============2303736145322253974=="
MIME-Version: 1.0
Subject: Daily Time Table
From: timetable_manager@hostel.te.ua
To: manager-room@hostel.te.ua
Date: Wed, 27 Apr 2016 12:55:02 -0000
Message-ID: <20160427125502.17407.78759@andy-linux>

--===============2303736145322253974==
MIME-Version: 1.0
Content-Type: text/plain; charset="utf-8"
Content-Transfer-Encoding: 7bit

text mess
--===============2303736145322253974==
Content-Type: text/html; charset="utf-8"
MIME-Version: 1.0
Content-Transfer-Encoding: 8bit

<body>
	<table>
		<tr>
		<td>#</td>
			<td>Номер кімнати</td>
				<td>Ім’я</td>
				<td>Прзівище</td>
			<td>По батькові</td>
		<td>Телефон</td>
		</tr>
		
		<tr>
		<td>1</td>
		<td>Room #1</td>
		<td>Andy</td>
		<td>Andy</td>
		<td>Andy</td>
		<td>222222222222</td>
		</tr>
		
		<tr>
		<td>2</td>
		<td>Room #1</td>
		<td>Andy</td>
		<td>kovandy</td>
		<td>Kovalovvvvvv</td>
		<td>111111111111</td>
		</tr>
		
		<tr>
		<td>3</td>
		<td>Room #1</td>
		<td>Andy</td>
		<td>kovandy</td>
		<td>Kovalovvvvvv</td>
		<td>111111111111</td>
		</tr>
		
		<tr>
		<td>4</td>
		<td>Room #1</td>
		<td>Andy</td>
		<td>kovandy</td>
		<td>Kovalovvvvvv</td>
		<td>111111111111</td>
		</tr>
		
	</table> <br>

	<table>
		<tr>
		<td>#</td>
			<td>Номер кімнати</td>
				<td>Ім’я</td>
				<td>Прзівище</td>
			<td>По батькові</td>
		<td>Телефон</td>
		</tr>
		
	</table>

</body>
--===============2303736145322253974==--

-------------------------------------------------------------------------------
