Not Found: /accounts/
Not Found: /accounts/
Not Found: /accounts/api/
[03/May/2016 17:23:17] DEBUG [django.db.backends:89] (0.000) SET SQL_AUTO_IS_NULL = 0; args=None
[03/May/2016 17:23:18] DEBUG [django.db.backends:89] (0.000) SET SQL_AUTO_IS_NULL = 0; args=None
[03/May/2016 17:23:18] DEBUG [django.db.backends:89] (0.003) SHOW FULL TABLES; args=None
[03/May/2016 17:23:18] DEBUG [django.db.backends:89] (0.005) SELECT `django_migrations`.`app`, `django_migrations`.`name` FROM `django_migrations`; args=()
[03/May/2016 17:59:21] DEBUG [django.db.backends:89] (0.000) SET SQL_AUTO_IS_NULL = 0; args=None
[03/May/2016 17:59:21] DEBUG [django.db.backends:89] (0.000) SET SQL_AUTO_IS_NULL = 0; args=None
[03/May/2016 17:59:21] DEBUG [django.db.backends:89] (0.000) SELECT `hostel_hostelroom`.`id`, `hostel_hostelroom`.`name_room`, `hostel_hostelroom`.`price_room`, `hostel_hostelroom`.`description_full`, `hostel_hostelroom`.`description_short`, `hostel_hostelroom`.`location_room`, `hostel_hostelroom`.`places_in_room`, `hostel_hostelroom`.`rating`, `hostel_hostelroom`.`free_places`, `hostel_hostelroom`.`active`, `hostel_hostelroom`.`date_create`, `hostel_hostelroom`.`position` FROM `hostel_hostelroom` INNER JOIN `hostel_roomimage` ON (`hostel_hostelroom`.`id` = `hostel_roomimage`.`room_id`) WHERE (`hostel_hostelroom`.`active` = 1 AND `hostel_roomimage`.`image_main` = 1); args=(True, True)
[03/May/2016 17:59:21] DEBUG [django.db.backends:89] (0.000) SELECT `hostel_roomimage`.`id`, `hostel_roomimage`.`room_id`, `hostel_roomimage`.`image_main`, `hostel_roomimage`.`image_original`, `hostel_roomimage`.`image_medium`, `hostel_roomimage`.`image_thumb`, `hostel_roomimage`.`date_create` FROM `hostel_roomimage` WHERE `hostel_roomimage`.`room_id` = 1; args=(1,)
[03/May/2016 17:59:21] DEBUG [django.db.backends:89] (0.000) SELECT `hostel_roomimage`.`id`, `hostel_roomimage`.`room_id`, `hostel_roomimage`.`image_main`, `hostel_roomimage`.`image_original`, `hostel_roomimage`.`image_medium`, `hostel_roomimage`.`image_thumb`, `hostel_roomimage`.`date_create` FROM `hostel_roomimage` WHERE `hostel_roomimage`.`room_id` = 2; args=(2,)
[03/May/2016 17:59:21] DEBUG [django.db.backends:89] (0.000) SELECT `hostel_roomimage`.`id`, `hostel_roomimage`.`room_id`, `hostel_roomimage`.`image_main`, `hostel_roomimage`.`image_original`, `hostel_roomimage`.`image_medium`, `hostel_roomimage`.`image_thumb`, `hostel_roomimage`.`date_create` FROM `hostel_roomimage` WHERE `hostel_roomimage`.`room_id` = 4; args=(4,)
[03/May/2016 17:59:21] DEBUG [django.db.backends:89] (0.000) SELECT `hostel_roomimage`.`id`, `hostel_roomimage`.`room_id`, `hostel_roomimage`.`image_main`, `hostel_roomimage`.`image_original`, `hostel_roomimage`.`image_medium`, `hostel_roomimage`.`image_thumb`, `hostel_roomimage`.`date_create` FROM `hostel_roomimage` WHERE `hostel_roomimage`.`room_id` = 5; args=(5,)
[03/May/2016 17:59:21] DEBUG [django.db.backends:89] (0.000) SELECT `hostel_roomimage`.`id`, `hostel_roomimage`.`room_id`, `hostel_roomimage`.`image_main`, `hostel_roomimage`.`image_original`, `hostel_roomimage`.`image_medium`, `hostel_roomimage`.`image_thumb`, `hostel_roomimage`.`date_create` FROM `hostel_roomimage` WHERE `hostel_roomimage`.`room_id` = 6; args=(6,)
[03/May/2016 17:59:21] DEBUG [django.db.backends:89] (0.005) SELECT `hostel_roomimage`.`id`, `hostel_roomimage`.`room_id`, `hostel_roomimage`.`image_main`, `hostel_roomimage`.`image_original`, `hostel_roomimage`.`image_medium`, `hostel_roomimage`.`image_thumb`, `hostel_roomimage`.`date_create` FROM `hostel_roomimage` WHERE `hostel_roomimage`.`room_id` = 7; args=(7,)
[03/May/2016 17:59:21] DEBUG [django.db.backends:89] (0.000) SELECT `hostel_roomimage`.`id`, `hostel_roomimage`.`room_id`, `hostel_roomimage`.`image_main`, `hostel_roomimage`.`image_original`, `hostel_roomimage`.`image_medium`, `hostel_roomimage`.`image_thumb`, `hostel_roomimage`.`date_create` FROM `hostel_roomimage` WHERE `hostel_roomimage`.`room_id` = 8; args=(8,)
[03/May/2016 17:59:21] DEBUG [django.db.backends:89] (0.000) SELECT `hostel_roomimage`.`id`, `hostel_roomimage`.`room_id`, `hostel_roomimage`.`image_main`, `hostel_roomimage`.`image_original`, `hostel_roomimage`.`image_medium`, `hostel_roomimage`.`image_thumb`, `hostel_roomimage`.`date_create` FROM `hostel_roomimage` WHERE `hostel_roomimage`.`room_id` = 9; args=(9,)
[03/May/2016 17:59:21] DEBUG [django.db.backends:89] (0.000) SELECT `hostel_roomimage`.`id`, `hostel_roomimage`.`room_id`, `hostel_roomimage`.`image_main`, `hostel_roomimage`.`image_original`, `hostel_roomimage`.`image_medium`, `hostel_roomimage`.`image_thumb`, `hostel_roomimage`.`date_create` FROM `hostel_roomimage` WHERE `hostel_roomimage`.`room_id` = 10; args=(10,)
[03/May/2016 17:59:21] DEBUG [django.db.backends:89] (0.000) SELECT `hostel_roomimage`.`id`, `hostel_roomimage`.`room_id`, `hostel_roomimage`.`image_main`, `hostel_roomimage`.`image_original`, `hostel_roomimage`.`image_medium`, `hostel_roomimage`.`image_thumb`, `hostel_roomimage`.`date_create` FROM `hostel_roomimage` WHERE `hostel_roomimage`.`room_id` = 12; args=(12,)
[03/May/2016 17:59:21] DEBUG [django.db.backends:89] (0.000) SELECT `hostel_roomimage`.`id`, `hostel_roomimage`.`room_id`, `hostel_roomimage`.`image_main`, `hostel_roomimage`.`image_original`, `hostel_roomimage`.`image_medium`, `hostel_roomimage`.`image_thumb`, `hostel_roomimage`.`date_create` FROM `hostel_roomimage` WHERE `hostel_roomimage`.`room_id` = 14; args=(14,)
[03/May/2016 17:59:21] DEBUG [django.db.backends:89] (0.005) SELECT `hostel_roomimage`.`id`, `hostel_roomimage`.`room_id`, `hostel_roomimage`.`image_main`, `hostel_roomimage`.`image_original`, `hostel_roomimage`.`image_medium`, `hostel_roomimage`.`image_thumb`, `hostel_roomimage`.`date_create` FROM `hostel_roomimage` WHERE `hostel_roomimage`.`room_id` = 16; args=(16,)
